[
  {
    "Plan": {
      "Node Type": "Merge Join",
      "Parallel Aware": false,
      "Join Type": "Inner",
      "Startup Cost": 39.64,
      "Total Cost": 46.91,
      "Plan Rows": 199,
      "Plan Width": 16,
      "Actual Startup Time": 31.913,
      "Actual Total Time": 32.024,
      "Actual Rows": 199,
      "Actual Loops": 1,
      "Output": ["supplier.nationkey", "supplier.suppkey", "nation.nationkey", "nation.regionkey"],
      "Inner Unique": false,
      "Merge Cond": "(nation.nationkey = supplier.nationkey)",
      "Shared Hit Blocks": 8,
      "Shared Read Blocks": 0,
      "Shared Dirtied Blocks": 0,
      "Shared Written Blocks": 0,
      "Local Hit Blocks": 0,
      "Local Read Blocks": 0,
      "Local Dirtied Blocks": 0,
      "Local Written Blocks": 0,
      "Temp Read Blocks": 0,
      "Temp Written Blocks": 0,
      "Plans": [
        {
          "Node Type": "Sort",
          "Parent Relationship": "Outer",
          "Parallel Aware": false,
          "Startup Cost": 15.34,
          "Total Cost": 15.64,
          "Plan Rows": 120,
          "Plan Width": 8,
          "Actual Startup Time": 0.099,
          "Actual Total Time": 0.102,
          "Actual Rows": 25,
          "Actual Loops": 1,
          "Output": ["nation.nationkey", "nation.regionkey"],
          "Sort Key": ["nation.nationkey"],
          "Sort Method": "quicksort",
          "Sort Space Used": 26,
          "Sort Space Type": "Memory",
          "Shared Hit Blocks": 1,
          "Shared Read Blocks": 0,
          "Shared Dirtied Blocks": 0,
          "Shared Written Blocks": 0,
          "Local Hit Blocks": 0,
          "Local Read Blocks": 0,
          "Local Dirtied Blocks": 0,
          "Local Written Blocks": 0,
          "Temp Read Blocks": 0,
          "Temp Written Blocks": 0,
          "Plans": [
            {
              "Node Type": "Seq Scan",
              "Parent Relationship": "Outer",
              "Parallel Aware": false,
              "Relation Name": "nation",
              "Schema": "public",
              "Alias": "nation",
              "Startup Cost": 0.00,
              "Total Cost": 11.20,
              "Plan Rows": 120,
              "Plan Width": 8,
              "Actual Startup Time": 0.047,
              "Actual Total Time": 0.052,
              "Actual Rows": 25,
              "Actual Loops": 1,
              "Output": ["nation.nationkey", "nation.regionkey"],
              "Shared Hit Blocks": 1,
              "Shared Read Blocks": 0,
              "Shared Dirtied Blocks": 0,
              "Shared Written Blocks": 0,
              "Local Hit Blocks": 0,
              "Local Read Blocks": 0,
              "Local Dirtied Blocks": 0,
              "Local Written Blocks": 0,
              "Temp Read Blocks": 0,
              "Temp Written Blocks": 0
            }
          ]
        },
        {
          "Node Type": "Materialize",
          "Parent Relationship": "Inner",
          "Parallel Aware": false,
          "Startup Cost": 24.30,
          "Total Cost": 27.28,
          "Plan Rows": 199,
          "Plan Width": 8,
          "Actual Startup Time": 31.808,
          "Actual Total Time": 31.865,
          "Actual Rows": 199,
          "Actual Loops": 1,
          "Output": ["supplier.nationkey", "supplier.suppkey"],
          "Shared Hit Blocks": 7,
          "Shared Read Blocks": 0,
          "Shared Dirtied Blocks": 0,
          "Shared Written Blocks": 0,
          "Local Hit Blocks": 0,
          "Local Read Blocks": 0,
          "Local Dirtied Blocks": 0,
          "Local Written Blocks": 0,
          "Temp Read Blocks": 0,
          "Temp Written Blocks": 0,
          "Plans": [
            {
              "Node Type": "Sort",
              "Parent Relationship": "Outer",
              "Parallel Aware": false,
              "Startup Cost": 24.30,
              "Total Cost": 24.79,
              "Plan Rows": 199,
              "Plan Width": 8,
              "Actual Startup Time": 25.362,
              "Actual Total Time": 25.376,
              "Actual Rows": 199,
              "Actual Loops": 1,
              "Output": ["supplier.nationkey", "supplier.suppkey"],
              "Sort Key": ["supplier.nationkey"],
              "Sort Method": "quicksort",
              "Sort Space Used": 34,
              "Sort Space Type": "Memory",
              "Shared Hit Blocks": 7,
              "Shared Read Blocks": 0,
              "Shared Dirtied Blocks": 0,
              "Shared Written Blocks": 0,
              "Local Hit Blocks": 0,
              "Local Read Blocks": 0,
              "Local Dirtied Blocks": 0,
              "Local Written Blocks": 0,
              "Temp Read Blocks": 0,
              "Temp Written Blocks": 0,
              "Plans": [
                {
                  "Node Type": "Index Scan",
                  "Parent Relationship": "Outer",
                  "Parallel Aware": false,
                  "Scan Direction": "Forward",
                  "Index Name": "supplier_pkey",
                  "Relation Name": "supplier",
                  "Schema": "public",
                  "Alias": "supplier",
                  "Startup Cost": 0.29,
                  "Total Cost": 16.70,
                  "Plan Rows": 199,
                  "Plan Width": 8,
                  "Actual Startup Time": 3.033,
                  "Actual Total Time": 13.594,
                  "Actual Rows": 199,
                  "Actual Loops": 1,
                  "Output": ["supplier.nationkey", "supplier.suppkey"],
                  "Index Cond": "(supplier.suppkey < 200)",
                  "Rows Removed by Index Recheck": 0,
                  "Shared Hit Blocks": 7,
                  "Shared Read Blocks": 0,
                  "Shared Dirtied Blocks": 0,
                  "Shared Written Blocks": 0,
                  "Local Hit Blocks": 0,
                  "Local Read Blocks": 0,
                  "Local Dirtied Blocks": 0,
                  "Local Written Blocks": 0,
                  "Temp Read Blocks": 0,
                  "Temp Written Blocks": 0
                }
              ]
            }
          ]
        }
      ]
    },
    "Planning Time": 7.342,
    "Triggers": [
    ],
    "Execution Time": 32.233
  }
]
