[
  {
    "Plan": {
      "Node Type": "Hash Join",
      "Parallel Aware": false,
      "Join Type": "Inner",
      "Startup Cost": 12.70,
      "Total Cost": 381.34,
      "Plan Rows": 9800,
      "Plan Width": 16,
      "Actual Startup Time": 0.148,
      "Actual Total Time": 5.313,
      "Actual Rows": 9800,
      "Actual Loops": 1,
      "Output": ["supplier.nationkey", "supplier.suppkey", "nation.nationkey", "nation.regionkey"],
      "Inner Unique": true,
      "Hash Cond": "(supplier.nationkey = nation.nationkey)",
      "Shared Hit Blocks": 218,
      "Shared Read Blocks": 0,
      "Shared Dirtied Blocks": 0,
      "Shared Written Blocks": 0,
      "Local Hit Blocks": 0,
      "Local Read Blocks": 0,
      "Local Dirtied Blocks": 0,
      "Local Written Blocks": 0,
      "Temp Read Blocks": 0,
      "Temp Written Blocks": 0,
      "Plans": [
        {
          "Node Type": "Seq Scan",
          "Parent Relationship": "Outer",
          "Parallel Aware": false,
          "Relation Name": "supplier",
          "Schema": "public",
          "Alias": "supplier",
          "Startup Cost": 0.00,
          "Total Cost": 342.00,
          "Plan Rows": 9800,
          "Plan Width": 8,
          "Actual Startup Time": 0.071,
          "Actual Total Time": 2.060,
          "Actual Rows": 9800,
          "Actual Loops": 1,
          "Output": ["supplier.suppkey", "supplier.name", "supplier.address", "supplier.nationkey", "supplier.phone", "supplier.acctbal", "supplier.comment"],
          "Filter": "(200 < supplier.suppkey)",
          "Rows Removed by Filter": 200,
          "Shared Hit Blocks": 217,
          "Shared Read Blocks": 0,
          "Shared Dirtied Blocks": 0,
          "Shared Written Blocks": 0,
          "Local Hit Blocks": 0,
          "Local Read Blocks": 0,
          "Local Dirtied Blocks": 0,
          "Local Written Blocks": 0,
          "Temp Read Blocks": 0,
          "Temp Written Blocks": 0
        },
        {
          "Node Type": "Hash",
          "Parent Relationship": "Inner",
          "Parallel Aware": false,
          "Startup Cost": 11.20,
          "Total Cost": 11.20,
          "Plan Rows": 120,
          "Plan Width": 8,
          "Actual Startup Time": 0.029,
          "Actual Total Time": 0.029,
          "Actual Rows": 25,
          "Actual Loops": 1,
          "Output": ["nation.nationkey", "nation.regionkey"],
          "Hash Buckets": 1024,
          "Original Hash Buckets": 1024,
          "Hash Batches": 1,
          "Original Hash Batches": 1,
          "Peak Memory Usage": 9,
          "Shared Hit Blocks": 1,
          "Shared Read Blocks": 0,
          "Shared Dirtied Blocks": 0,
          "Shared Written Blocks": 0,
          "Local Hit Blocks": 0,
          "Local Read Blocks": 0,
          "Local Dirtied Blocks": 0,
          "Local Written Blocks": 0,
          "Temp Read Blocks": 0,
          "Temp Written Blocks": 0,
          "Plans": [
            {
              "Node Type": "Seq Scan",
              "Parent Relationship": "Outer",
              "Parallel Aware": false,
              "Relation Name": "nation",
              "Schema": "public",
              "Alias": "nation",
              "Startup Cost": 0.00,
              "Total Cost": 11.20,
              "Plan Rows": 120,
              "Plan Width": 8,
              "Actual Startup Time": 0.010,
              "Actual Total Time": 0.016,
              "Actual Rows": 25,
              "Actual Loops": 1,
              "Output": ["nation.nationkey", "nation.regionkey"],
              "Shared Hit Blocks": 1,
              "Shared Read Blocks": 0,
              "Shared Dirtied Blocks": 0,
              "Shared Written Blocks": 0,
              "Local Hit Blocks": 0,
              "Local Read Blocks": 0,
              "Local Dirtied Blocks": 0,
              "Local Written Blocks": 0,
              "Temp Read Blocks": 0,
              "Temp Written Blocks": 0
            }
          ]
        }
      ]
    },
    "Planning Time": 0.328,
    "Triggers": [
    ],
    "Execution Time": 7.959
  }
]
