[
  {
    "Plan": {
      "Node Type": "Nested Loop",
      "Parallel Aware": false,
      "Join Type": "Inner",
      "Startup Cost": 0.43,
      "Total Cost": 16.60,
      "Plan Rows": 1,
      "Plan Width": 16,
      "Actual Startup Time": 0.056,
      "Actual Total Time": 0.057,
      "Actual Rows": 1,
      "Actual Loops": 1,
      "Output": ["supplier.nationkey", "supplier.suppkey", "nation.nationkey", "nation.regionkey"],
      "Inner Unique": true,
      "Shared Hit Blocks": 5,
      "Shared Read Blocks": 0,
      "Shared Dirtied Blocks": 0,
      "Shared Written Blocks": 0,
      "Local Hit Blocks": 0,
      "Local Read Blocks": 0,
      "Local Dirtied Blocks": 0,
      "Local Written Blocks": 0,
      "Temp Read Blocks": 0,
      "Temp Written Blocks": 0,
      "Plans": [
        {
          "Node Type": "Index Scan",
          "Parent Relationship": "Outer",
          "Parallel Aware": false,
          "Scan Direction": "Forward",
          "Index Name": "supplier_pkey",
          "Relation Name": "supplier",
          "Schema": "public",
          "Alias": "supplier",
          "Startup Cost": 0.29,
          "Total Cost": 8.30,
          "Plan Rows": 1,
          "Plan Width": 8,
          "Actual Startup Time": 0.018,
          "Actual Total Time": 0.019,
          "Actual Rows": 1,
          "Actual Loops": 1,
          "Output": ["supplier.suppkey", "supplier.name", "supplier.address", "supplier.nationkey", "supplier.phone", "supplier.acctbal", "supplier.comment"],
          "Index Cond": "(supplier.suppkey = 20)",
          "Rows Removed by Index Recheck": 0,
          "Shared Hit Blocks": 3,
          "Shared Read Blocks": 0,
          "Shared Dirtied Blocks": 0,
          "Shared Written Blocks": 0,
          "Local Hit Blocks": 0,
          "Local Read Blocks": 0,
          "Local Dirtied Blocks": 0,
          "Local Written Blocks": 0,
          "Temp Read Blocks": 0,
          "Temp Written Blocks": 0
        },
        {
          "Node Type": "Index Scan",
          "Parent Relationship": "Inner",
          "Parallel Aware": false,
          "Scan Direction": "Forward",
          "Index Name": "nation_pkey",
          "Relation Name": "nation",
          "Schema": "public",
          "Alias": "nation",
          "Startup Cost": 0.14,
          "Total Cost": 8.16,
          "Plan Rows": 1,
          "Plan Width": 8,
          "Actual Startup Time": 0.031,
          "Actual Total Time": 0.031,
          "Actual Rows": 1,
          "Actual Loops": 1,
          "Output": ["nation.nationkey", "nation.name", "nation.regionkey", "nation.comment"],
          "Index Cond": "(nation.nationkey = supplier.nationkey)",
          "Rows Removed by Index Recheck": 0,
          "Shared Hit Blocks": 2,
          "Shared Read Blocks": 0,
          "Shared Dirtied Blocks": 0,
          "Shared Written Blocks": 0,
          "Local Hit Blocks": 0,
          "Local Read Blocks": 0,
          "Local Dirtied Blocks": 0,
          "Local Written Blocks": 0,
          "Temp Read Blocks": 0,
          "Temp Written Blocks": 0
        }
      ]
    },
    "Planning Time": 0.233,
    "Triggers": [
    ],
    "Execution Time": 0.112
  }
]
