[
  {
    "Plan": {
      "Node Type": "Sort",
      "Parallel Aware": false,
      "Startup Cost": 5780.79,
      "Total Cost": 5780.89,
      "Plan Rows": 40,
      "Plan Width": 226,
      "Actual Startup Time": 59.349,
      "Actual Total Time": 59.354,
      "Actual Rows": 11,
      "Actual Loops": 1,
      "Output": ["(count(*))", "nation.name"],
      "Sort Key": ["(count(*)) DESC"],
      "Sort Method": "quicksort",
      "Sort Space Used": 25,
      "Sort Space Type": "Memory",
      "Shared Hit Blocks": 1293,
      "Shared Read Blocks": 0,
      "Shared Dirtied Blocks": 0,
      "Shared Written Blocks": 0,
      "Local Hit Blocks": 0,
      "Local Read Blocks": 0,
      "Local Dirtied Blocks": 0,
      "Local Written Blocks": 0,
      "Temp Read Blocks": 0,
      "Temp Written Blocks": 0,
      "Plans": [
        {
          "Node Type": "Aggregate",
          "Strategy": "Sorted",
          "Partial Mode": "Finalize",
          "Parent Relationship": "Outer",
          "Parallel Aware": false,
          "Startup Cost": 5748.43,
          "Total Cost": 5779.73,
          "Plan Rows": 40,
          "Plan Width": 226,
          "Actual Startup Time": 59.310,
          "Actual Total Time": 59.344,
          "Actual Rows": 11,
          "Actual Loops": 1,
          "Output": ["count(*)", "nation.name"],
          "Group Key": ["nation.name"],
          "Filter": "(count(*) >= 6000)",
          "Rows Removed by Filter": 14,
          "Shared Hit Blocks": 1293,
          "Shared Read Blocks": 0,
          "Shared Dirtied Blocks": 0,
          "Shared Written Blocks": 0,
          "Local Hit Blocks": 0,
          "Local Read Blocks": 0,
          "Local Dirtied Blocks": 0,
          "Local Written Blocks": 0,
          "Temp Read Blocks": 0,
          "Temp Written Blocks": 0,
          "Plans": [
            {
              "Node Type": "Gather Merge",
              "Parent Relationship": "Outer",
              "Parallel Aware": false,
              "Startup Cost": 5748.43,
              "Total Cost": 5776.43,
              "Plan Rows": 240,
              "Plan Width": 226,
              "Actual Startup Time": 59.298,
              "Actual Total Time": 61.470,
              "Actual Rows": 75,
              "Actual Loops": 1,
              "Output": ["nation.name", "(PARTIAL count(*))"],
              "Workers Planned": 2,
              "Workers Launched": 2,
              "Shared Hit Blocks": 3670,
              "Shared Read Blocks": 0,
              "Shared Dirtied Blocks": 0,
              "Shared Written Blocks": 0,
              "Local Hit Blocks": 0,
              "Local Read Blocks": 0,
              "Local Dirtied Blocks": 0,
              "Local Written Blocks": 0,
              "Temp Read Blocks": 0,
              "Temp Written Blocks": 0,
              "Plans": [
                {
                  "Node Type": "Sort",
                  "Parent Relationship": "Outer",
                  "Parallel Aware": false,
                  "Startup Cost": 4748.40,
                  "Total Cost": 4748.70,
                  "Plan Rows": 120,
                  "Plan Width": 226,
                  "Actual Startup Time": 55.969,
                  "Actual Total Time": 55.972,
                  "Actual Rows": 25,
                  "Actual Loops": 3,
                  "Output": ["nation.name", "(PARTIAL count(*))"],
                  "Sort Key": ["nation.name"],
                  "Sort Method": "quicksort",
                  "Sort Space Used": 26,
                  "Sort Space Type": "Memory",
                  "Workers": [
                    {
                      "Worker Number": 0,
                      "Sort Method": "quicksort",
                      "Sort Space Used": 26,
                      "Sort Space Type": "Memory"
                    },
                    {
                      "Worker Number": 1,
                      "Sort Method": "quicksort",
                      "Sort Space Used": 26,
                      "Sort Space Type": "Memory"
                    }
                  ],
                  "Shared Hit Blocks": 3670,
                  "Shared Read Blocks": 0,
                  "Shared Dirtied Blocks": 0,
                  "Shared Written Blocks": 0,
                  "Local Hit Blocks": 0,
                  "Local Read Blocks": 0,
                  "Local Dirtied Blocks": 0,
                  "Local Written Blocks": 0,
                  "Temp Read Blocks": 0,
                  "Temp Written Blocks": 0,
                  "Workers": [
                    {
                      "Worker Number": 0,
                      "Actual Startup Time": 54.349,
                      "Actual Total Time": 54.351,
                      "Actual Rows": 25,
                      "Actual Loops": 1,
                      "Shared Hit Blocks": 1104,
                      "Shared Read Blocks": 0,
                      "Shared Dirtied Blocks": 0,
                      "Shared Written Blocks": 0,
                      "Local Hit Blocks": 0,
                      "Local Read Blocks": 0,
                      "Local Dirtied Blocks": 0,
                      "Local Written Blocks": 0,
                      "Temp Read Blocks": 0,
                      "Temp Written Blocks": 0
                    },
                    {
                      "Worker Number": 1,
                      "Actual Startup Time": 54.506,
                      "Actual Total Time": 54.509,
                      "Actual Rows": 25,
                      "Actual Loops": 1,
                      "Shared Hit Blocks": 1273,
                      "Shared Read Blocks": 0,
                      "Shared Dirtied Blocks": 0,
                      "Shared Written Blocks": 0,
                      "Local Hit Blocks": 0,
                      "Local Read Blocks": 0,
                      "Local Dirtied Blocks": 0,
                      "Local Written Blocks": 0,
                      "Temp Read Blocks": 0,
                      "Temp Written Blocks": 0
                    }
                  ],
                  "Plans": [
                    {
                      "Node Type": "Aggregate",
                      "Strategy": "Hashed",
                      "Partial Mode": "Partial",
                      "Parent Relationship": "Outer",
                      "Parallel Aware": false,
                      "Startup Cost": 4743.06,
                      "Total Cost": 4744.26,
                      "Plan Rows": 120,
                      "Plan Width": 226,
                      "Actual Startup Time": 55.922,
                      "Actual Total Time": 55.927,
                      "Actual Rows": 25,
                      "Actual Loops": 3,
                      "Output": ["nation.name", "PARTIAL count(*)"],
                      "Group Key": ["nation.name"],
                      "Shared Hit Blocks": 3654,
                      "Shared Read Blocks": 0,
                      "Shared Dirtied Blocks": 0,
                      "Shared Written Blocks": 0,
                      "Local Hit Blocks": 0,
                      "Local Read Blocks": 0,
                      "Local Dirtied Blocks": 0,
                      "Local Written Blocks": 0,
                      "Temp Read Blocks": 0,
                      "Temp Written Blocks": 0,
                      "Workers": [
                        {
                          "Worker Number": 0,
                          "Actual Startup Time": 54.288,
                          "Actual Total Time": 54.293,
                          "Actual Rows": 25,
                          "Actual Loops": 1,
                          "Shared Hit Blocks": 1096,
                          "Shared Read Blocks": 0,
                          "Shared Dirtied Blocks": 0,
                          "Shared Written Blocks": 0,
                          "Local Hit Blocks": 0,
                          "Local Read Blocks": 0,
                          "Local Dirtied Blocks": 0,
                          "Local Written Blocks": 0,
                          "Temp Read Blocks": 0,
                          "Temp Written Blocks": 0
                        },
                        {
                          "Worker Number": 1,
                          "Actual Startup Time": 54.446,
                          "Actual Total Time": 54.452,
                          "Actual Rows": 25,
                          "Actual Loops": 1,
                          "Shared Hit Blocks": 1265,
                          "Shared Read Blocks": 0,
                          "Shared Dirtied Blocks": 0,
                          "Shared Written Blocks": 0,
                          "Local Hit Blocks": 0,
                          "Local Read Blocks": 0,
                          "Local Dirtied Blocks": 0,
                          "Local Written Blocks": 0,
                          "Temp Read Blocks": 0,
                          "Temp Written Blocks": 0
                        }
                      ],
                      "Plans": [
                        {
                          "Node Type": "Hash Join",
                          "Parent Relationship": "Outer",
                          "Parallel Aware": false,
                          "Join Type": "Inner",
                          "Startup Cost": 12.70,
                          "Total Cost": 4430.56,
                          "Plan Rows": 62500,
                          "Plan Width": 218,
                          "Actual Startup Time": 0.084,
                          "Actual Total Time": 37.969,
                          "Actual Rows": 50000,
                          "Actual Loops": 3,
                          "Output": ["nation.name"],
                          "Inner Unique": true,
                          "Hash Cond": "(customer.nationkey = nation.nationkey)",
                          "Shared Hit Blocks": 3654,
                          "Shared Read Blocks": 0,
                          "Shared Dirtied Blocks": 0,
                          "Shared Written Blocks": 0,
                          "Local Hit Blocks": 0,
                          "Local Read Blocks": 0,
                          "Local Dirtied Blocks": 0,
                          "Local Written Blocks": 0,
                          "Temp Read Blocks": 0,
                          "Temp Written Blocks": 0,
                          "Workers": [
                            {
                              "Worker Number": 0,
                              "Actual Startup Time": 0.114,
                              "Actual Total Time": 37.585,
                              "Actual Rows": 44697,
                              "Actual Loops": 1,
                              "Shared Hit Blocks": 1096,
                              "Shared Read Blocks": 0,
                              "Shared Dirtied Blocks": 0,
                              "Shared Written Blocks": 0,
                              "Local Hit Blocks": 0,
                              "Local Read Blocks": 0,
                              "Local Dirtied Blocks": 0,
                              "Local Written Blocks": 0,
                              "Temp Read Blocks": 0,
                              "Temp Written Blocks": 0
                            },
                            {
                              "Worker Number": 1,
                              "Actual Startup Time": 0.116,
                              "Actual Total Time": 38.610,
                              "Actual Rows": 51764,
                              "Actual Loops": 1,
                              "Shared Hit Blocks": 1265,
                              "Shared Read Blocks": 0,
                              "Shared Dirtied Blocks": 0,
                              "Shared Written Blocks": 0,
                              "Local Hit Blocks": 0,
                              "Local Read Blocks": 0,
                              "Local Dirtied Blocks": 0,
                              "Local Written Blocks": 0,
                              "Temp Read Blocks": 0,
                              "Temp Written Blocks": 0
                            }
                          ],
                          "Plans": [
                            {
                              "Node Type": "Seq Scan",
                              "Parent Relationship": "Outer",
                              "Parallel Aware": true,
                              "Relation Name": "customer",
                              "Schema": "public",
                              "Alias": "customer",
                              "Startup Cost": 0.00,
                              "Total Cost": 4248.00,
                              "Plan Rows": 62500,
                              "Plan Width": 4,
                              "Actual Startup Time": 0.013,
                              "Actual Total Time": 17.101,
                              "Actual Rows": 50000,
                              "Actual Loops": 3,
                              "Output": ["customer.custkey", "customer.name", "customer.address", "customer.nationkey", "customer.phone", "customer.acctbal", "customer.mktsegment", "customer.comment"],
                              "Shared Hit Blocks": 3623,
                              "Shared Read Blocks": 0,
                              "Shared Dirtied Blocks": 0,
                              "Shared Written Blocks": 0,
                              "Local Hit Blocks": 0,
                              "Local Read Blocks": 0,
                              "Local Dirtied Blocks": 0,
                              "Local Written Blocks": 0,
                              "Temp Read Blocks": 0,
                              "Temp Written Blocks": 0,
                              "Workers": [
                                {
                                  "Worker Number": 0,
                                  "Actual Startup Time": 0.016,
                                  "Actual Total Time": 16.468,
                                  "Actual Rows": 44697,
                                  "Actual Loops": 1,
                                  "Shared Hit Blocks": 1081,
                                  "Shared Read Blocks": 0,
                                  "Shared Dirtied Blocks": 0,
                                  "Shared Written Blocks": 0,
                                  "Local Hit Blocks": 0,
                                  "Local Read Blocks": 0,
                                  "Local Dirtied Blocks": 0,
                                  "Local Written Blocks": 0,
                                  "Temp Read Blocks": 0,
                                  "Temp Written Blocks": 0
                                },
                                {
                                  "Worker Number": 1,
                                  "Actual Startup Time": 0.017,
                                  "Actual Total Time": 18.799,
                                  "Actual Rows": 51764,
                                  "Actual Loops": 1,
                                  "Shared Hit Blocks": 1250,
                                  "Shared Read Blocks": 0,
                                  "Shared Dirtied Blocks": 0,
                                  "Shared Written Blocks": 0,
                                  "Local Hit Blocks": 0,
                                  "Local Read Blocks": 0,
                                  "Local Dirtied Blocks": 0,
                                  "Local Written Blocks": 0,
                                  "Temp Read Blocks": 0,
                                  "Temp Written Blocks": 0
                                }
                              ]
                            },
                            {
                              "Node Type": "Hash",
                              "Parent Relationship": "Inner",
                              "Parallel Aware": false,
                              "Startup Cost": 11.20,
                              "Total Cost": 11.20,
                              "Plan Rows": 120,
                              "Plan Width": 222,
                              "Actual Startup Time": 0.042,
                              "Actual Total Time": 0.042,
                              "Actual Rows": 25,
                              "Actual Loops": 3,
                              "Output": ["nation.name", "nation.nationkey"],
                              "Hash Buckets": 1024,
                              "Original Hash Buckets": 1024,
                              "Hash Batches": 1,
                              "Original Hash Batches": 1,
                              "Peak Memory Usage": 10,
                              "Shared Hit Blocks": 3,
                              "Shared Read Blocks": 0,
                              "Shared Dirtied Blocks": 0,
                              "Shared Written Blocks": 0,
                              "Local Hit Blocks": 0,
                              "Local Read Blocks": 0,
                              "Local Dirtied Blocks": 0,
                              "Local Written Blocks": 0,
                              "Temp Read Blocks": 0,
                              "Temp Written Blocks": 0,
                              "Workers": [
                                {
                                  "Worker Number": 0,
                                  "Actual Startup Time": 0.057,
                                  "Actual Total Time": 0.057,
                                  "Actual Rows": 25,
                                  "Actual Loops": 1,
                                  "Shared Hit Blocks": 1,
                                  "Shared Read Blocks": 0,
                                  "Shared Dirtied Blocks": 0,
                                  "Shared Written Blocks": 0,
                                  "Local Hit Blocks": 0,
                                  "Local Read Blocks": 0,
                                  "Local Dirtied Blocks": 0,
                                  "Local Written Blocks": 0,
                                  "Temp Read Blocks": 0,
                                  "Temp Written Blocks": 0
                                },
                                {
                                  "Worker Number": 1,
                                  "Actual Startup Time": 0.057,
                                  "Actual Total Time": 0.057,
                                  "Actual Rows": 25,
                                  "Actual Loops": 1,
                                  "Shared Hit Blocks": 1,
                                  "Shared Read Blocks": 0,
                                  "Shared Dirtied Blocks": 0,
                                  "Shared Written Blocks": 0,
                                  "Local Hit Blocks": 0,
                                  "Local Read Blocks": 0,
                                  "Local Dirtied Blocks": 0,
                                  "Local Written Blocks": 0,
                                  "Temp Read Blocks": 0,
                                  "Temp Written Blocks": 0
                                }
                              ],
                              "Plans": [
                                {
                                  "Node Type": "Seq Scan",
                                  "Parent Relationship": "Outer",
                                  "Parallel Aware": false,
                                  "Relation Name": "nation",
                                  "Schema": "public",
                                  "Alias": "nation",
                                  "Startup Cost": 0.00,
                                  "Total Cost": 11.20,
                                  "Plan Rows": 120,
                                  "Plan Width": 222,
                                  "Actual Startup Time": 0.027,
                                  "Actual Total Time": 0.031,
                                  "Actual Rows": 25,
                                  "Actual Loops": 3,
                                  "Output": ["nation.name", "nation.nationkey"],
                                  "Shared Hit Blocks": 3,
                                  "Shared Read Blocks": 0,
                                  "Shared Dirtied Blocks": 0,
                                  "Shared Written Blocks": 0,
                                  "Local Hit Blocks": 0,
                                  "Local Read Blocks": 0,
                                  "Local Dirtied Blocks": 0,
                                  "Local Written Blocks": 0,
                                  "Temp Read Blocks": 0,
                                  "Temp Written Blocks": 0,
                                  "Workers": [
                                    {
                                      "Worker Number": 0,
                                      "Actual Startup Time": 0.038,
                                      "Actual Total Time": 0.043,
                                      "Actual Rows": 25,
                                      "Actual Loops": 1,
                                      "Shared Hit Blocks": 1,
                                      "Shared Read Blocks": 0,
                                      "Shared Dirtied Blocks": 0,
                                      "Shared Written Blocks": 0,
                                      "Local Hit Blocks": 0,
                                      "Local Read Blocks": 0,
                                      "Local Dirtied Blocks": 0,
                                      "Local Written Blocks": 0,
                                      "Temp Read Blocks": 0,
                                      "Temp Written Blocks": 0
                                    },
                                    {
                                      "Worker Number": 1,
                                      "Actual Startup Time": 0.038,
                                      "Actual Total Time": 0.042,
                                      "Actual Rows": 25,
                                      "Actual Loops": 1,
                                      "Shared Hit Blocks": 1,
                                      "Shared Read Blocks": 0,
                                      "Shared Dirtied Blocks": 0,
                                      "Shared Written Blocks": 0,
                                      "Local Hit Blocks": 0,
                                      "Local Read Blocks": 0,
                                      "Local Dirtied Blocks": 0,
                                      "Local Written Blocks": 0,
                                      "Temp Read Blocks": 0,
                                      "Temp Written Blocks": 0
                                    }
                                  ]
                                }
                              ]
                            }
                          ]
                        }
                      ]
                    }
                  ]
                }
              ]
            }
          ]
        }
      ]
    },
    "Planning Time": 0.128,
    "Triggers": [
    ],
    "Execution Time": 61.583
  }
]
