[
  {
    "Plan": {
      "Node Type": "Hash Join",
      "Parallel Aware": false,
      "Join Type": "Inner",
      "Startup Cost": 12.00,
      "Total Cost": 24.05,
      "Plan Rows": 40,
      "Plan Width": 1284,
      "Actual Startup Time": 0.021,
      "Actual Total Time": 0.024,
      "Actual Rows": 10,
      "Actual Loops": 1,
      "Output": ["nation.nationkey", "nation.name", "nation.regionkey", "nation.comment", "region.regionkey", "region.name", "region.comment"],
      "Inner Unique": false,
      "Hash Cond": "(region.regionkey = nation.regionkey)",
      "Shared Hit Blocks": 2,
      "Shared Read Blocks": 0,
      "Shared Dirtied Blocks": 0,
      "Shared Written Blocks": 0,
      "Local Hit Blocks": 0,
      "Local Read Blocks": 0,
      "Local Dirtied Blocks": 0,
      "Local Written Blocks": 0,
      "Temp Read Blocks": 0,
      "Temp Written Blocks": 0,
      "Plans": [
        {
          "Node Type": "Seq Scan",
          "Parent Relationship": "Outer",
          "Parallel Aware": false,
          "Relation Name": "region",
          "Schema": "public",
          "Alias": "region",
          "Startup Cost": 0.00,
          "Total Cost": 11.20,
          "Plan Rows": 120,
          "Plan Width": 640,
          "Actual Startup Time": 0.005,
          "Actual Total Time": 0.006,
          "Actual Rows": 5,
          "Actual Loops": 1,
          "Output": ["region.regionkey", "region.name", "region.comment"],
          "Shared Hit Blocks": 1,
          "Shared Read Blocks": 0,
          "Shared Dirtied Blocks": 0,
          "Shared Written Blocks": 0,
          "Local Hit Blocks": 0,
          "Local Read Blocks": 0,
          "Local Dirtied Blocks": 0,
          "Local Written Blocks": 0,
          "Temp Read Blocks": 0,
          "Temp Written Blocks": 0
        },
        {
          "Node Type": "Hash",
          "Parent Relationship": "Inner",
          "Parallel Aware": false,
          "Startup Cost": 11.50,
          "Total Cost": 11.50,
          "Plan Rows": 40,
          "Plan Width": 644,
          "Actual Startup Time": 0.011,
          "Actual Total Time": 0.011,
          "Actual Rows": 10,
          "Actual Loops": 1,
          "Output": ["nation.nationkey", "nation.name", "nation.regionkey", "nation.comment"],
          "Hash Buckets": 1024,
          "Original Hash Buckets": 1024,
          "Hash Batches": 1,
          "Original Hash Batches": 1,
          "Peak Memory Usage": 10,
          "Shared Hit Blocks": 1,
          "Shared Read Blocks": 0,
          "Shared Dirtied Blocks": 0,
          "Shared Written Blocks": 0,
          "Local Hit Blocks": 0,
          "Local Read Blocks": 0,
          "Local Dirtied Blocks": 0,
          "Local Written Blocks": 0,
          "Temp Read Blocks": 0,
          "Temp Written Blocks": 0,
          "Plans": [
            {
              "Node Type": "Seq Scan",
              "Parent Relationship": "Outer",
              "Parallel Aware": false,
              "Relation Name": "nation",
              "Schema": "public",
              "Alias": "nation",
              "Startup Cost": 0.00,
              "Total Cost": 11.50,
              "Plan Rows": 40,
              "Plan Width": 644,
              "Actual Startup Time": 0.006,
              "Actual Total Time": 0.007,
              "Actual Rows": 10,
              "Actual Loops": 1,
              "Output": ["nation.nationkey", "nation.name", "nation.regionkey", "nation.comment"],
              "Filter": "(nation.nationkey >= 15)",
              "Rows Removed by Filter": 15,
              "Shared Hit Blocks": 1,
              "Shared Read Blocks": 0,
              "Shared Dirtied Blocks": 0,
              "Shared Written Blocks": 0,
              "Local Hit Blocks": 0,
              "Local Read Blocks": 0,
              "Local Dirtied Blocks": 0,
              "Local Written Blocks": 0,
              "Temp Read Blocks": 0,
              "Temp Written Blocks": 0
            }
          ]
        }
      ]
    },
    "Planning Time": 0.188,
    "Triggers": [
    ],
    "Execution Time": 0.044
  }
]
