[
  {
    "Plan": {
      "Node Type": "Nested Loop",
      "Parallel Aware": false,
      "Join Type": "Inner",
      "Startup Cost": 0.14,
      "Total Cost": 19.67,
      "Plan Rows": 1,
      "Plan Width": 1284,
      "Actual Startup Time": 0.033,
      "Actual Total Time": 0.086,
      "Actual Rows": 5,
      "Actual Loops": 1,
      "Output": ["nation.nationkey", "nation.name", "nation.regionkey", "nation.comment", "region.regionkey", "region.name", "region.comment"],
      "Inner Unique": false,
      "Shared Hit Blocks": 11,
      "Shared Read Blocks": 0,
      "Shared Dirtied Blocks": 0,
      "Shared Written Blocks": 0,
      "Local Hit Blocks": 0,
      "Local Read Blocks": 0,
      "Local Dirtied Blocks": 0,
      "Local Written Blocks": 0,
      "Temp Read Blocks": 0,
      "Temp Written Blocks": 0,
      "Plans": [
        {
          "Node Type": "Seq Scan",
          "Parent Relationship": "Outer",
          "Parallel Aware": false,
          "Relation Name": "nation",
          "Schema": "public",
          "Alias": "nation",
          "Startup Cost": 0.00,
          "Total Cost": 11.50,
          "Plan Rows": 1,
          "Plan Width": 644,
          "Actual Startup Time": 0.022,
          "Actual Total Time": 0.035,
          "Actual Rows": 5,
          "Actual Loops": 1,
          "Output": ["nation.nationkey", "nation.name", "nation.regionkey", "nation.comment"],
          "Filter": "(nation.regionkey = 1)",
          "Rows Removed by Filter": 20,
          "Shared Hit Blocks": 1,
          "Shared Read Blocks": 0,
          "Shared Dirtied Blocks": 0,
          "Shared Written Blocks": 0,
          "Local Hit Blocks": 0,
          "Local Read Blocks": 0,
          "Local Dirtied Blocks": 0,
          "Local Written Blocks": 0,
          "Temp Read Blocks": 0,
          "Temp Written Blocks": 0
        },
        {
          "Node Type": "Index Scan",
          "Parent Relationship": "Inner",
          "Parallel Aware": false,
          "Scan Direction": "Forward",
          "Index Name": "region_pkey",
          "Relation Name": "region",
          "Schema": "public",
          "Alias": "region",
          "Startup Cost": 0.14,
          "Total Cost": 8.16,
          "Plan Rows": 1,
          "Plan Width": 640,
          "Actual Startup Time": 0.003,
          "Actual Total Time": 0.005,
          "Actual Rows": 1,
          "Actual Loops": 5,
          "Output": ["region.regionkey", "region.name", "region.comment"],
          "Index Cond": "(region.regionkey = 1)",
          "Rows Removed by Index Recheck": 0,
          "Shared Hit Blocks": 10,
          "Shared Read Blocks": 0,
          "Shared Dirtied Blocks": 0,
          "Shared Written Blocks": 0,
          "Local Hit Blocks": 0,
          "Local Read Blocks": 0,
          "Local Dirtied Blocks": 0,
          "Local Written Blocks": 0,
          "Temp Read Blocks": 0,
          "Temp Written Blocks": 0
        }
      ]
    },
    "Planning Time": 0.245,
    "Triggers": [
    ],
    "Execution Time": 0.161
  }
]
