[
  {
    "Plan": {
      "Node Type": "Gather Merge",
      "Parallel Aware": false,
      "Startup Cost": 8731.94,
      "Total Cost": 12703.08,
      "Plan Rows": 34036,
      "Plan Width": 241,
      "Actual Startup Time": 45.944,
      "Actual Total Time": 66.713,
      "Actual Rows": 73743,
      "Actual Loops": 1,
      "Output": ["customer.custkey", "customer.name", "nation.name"],
      "Workers Planned": 2,
      "Workers Launched": 2,
      "Shared Hit Blocks": 3804,
      "Shared Read Blocks": 0,
      "Shared Dirtied Blocks": 0,
      "Shared Written Blocks": 0,
      "Local Hit Blocks": 0,
      "Local Read Blocks": 0,
      "Local Dirtied Blocks": 0,
      "Local Written Blocks": 0,
      "Temp Read Blocks": 0,
      "Temp Written Blocks": 0,
      "Plans": [
        {
          "Node Type": "Sort",
          "Parent Relationship": "Outer",
          "Parallel Aware": false,
          "Startup Cost": 7731.92,
          "Total Cost": 7774.46,
          "Plan Rows": 17018,
          "Plan Width": 241,
          "Actual Startup Time": 42.579,
          "Actual Total Time": 45.128,
          "Actual Rows": 24581,
          "Actual Loops": 3,
          "Output": ["customer.custkey", "customer.name", "nation.name"],
          "Sort Key": ["customer.custkey DESC"],
          "Sort Method": "quicksort",
          "Sort Space Used": 3223,
          "Sort Space Type": "Memory",
          "Workers": [
            {
              "Worker Number": 0,
              "Sort Method": "quicksort",
              "Sort Space Used": 2421,
              "Sort Space Type": "Memory"
            },
            {
              "Worker Number": 1,
              "Sort Method": "quicksort",
              "Sort Space Used": 2423,
              "Sort Space Type": "Memory"
            }
          ],
          "Shared Hit Blocks": 3804,
          "Shared Read Blocks": 0,
          "Shared Dirtied Blocks": 0,
          "Shared Written Blocks": 0,
          "Local Hit Blocks": 0,
          "Local Read Blocks": 0,
          "Local Dirtied Blocks": 0,
          "Local Written Blocks": 0,
          "Temp Read Blocks": 0,
          "Temp Written Blocks": 0,
          "Workers": [
            {
              "Worker Number": 0,
              "Actual Startup Time": 41.232,
              "Actual Total Time": 43.543,
              "Actual Rows": 21146,
              "Actual Loops": 1,
              "Shared Hit Blocks": 1123,
              "Shared Read Blocks": 0,
              "Shared Dirtied Blocks": 0,
              "Shared Written Blocks": 0,
              "Local Hit Blocks": 0,
              "Local Read Blocks": 0,
              "Local Dirtied Blocks": 0,
              "Local Written Blocks": 0,
              "Temp Read Blocks": 0,
              "Temp Written Blocks": 0
            },
            {
              "Worker Number": 1,
              "Actual Startup Time": 40.791,
              "Actual Total Time": 43.144,
              "Actual Rows": 21174,
              "Actual Loops": 1,
              "Shared Hit Blocks": 1132,
              "Shared Read Blocks": 0,
              "Shared Dirtied Blocks": 0,
              "Shared Written Blocks": 0,
              "Local Hit Blocks": 0,
              "Local Read Blocks": 0,
              "Local Dirtied Blocks": 0,
              "Local Written Blocks": 0,
              "Temp Read Blocks": 0,
              "Temp Written Blocks": 0
            }
          ],
          "Plans": [
            {
              "Node Type": "Hash Join",
              "Parent Relationship": "Outer",
              "Parallel Aware": false,
              "Join Type": "Inner",
              "Startup Cost": 12.00,
              "Total Cost": 4554.99,
              "Plan Rows": 17018,
              "Plan Width": 241,
              "Actual Startup Time": 0.175,
              "Actual Total Time": 32.057,
              "Actual Rows": 24581,
              "Actual Loops": 3,
              "Output": ["customer.custkey", "customer.name", "nation.name"],
              "Inner Unique": true,
              "Hash Cond": "(customer.nationkey = nation.nationkey)",
              "Shared Hit Blocks": 3710,
              "Shared Read Blocks": 0,
              "Shared Dirtied Blocks": 0,
              "Shared Written Blocks": 0,
              "Local Hit Blocks": 0,
              "Local Read Blocks": 0,
              "Local Dirtied Blocks": 0,
              "Local Written Blocks": 0,
              "Temp Read Blocks": 0,
              "Temp Written Blocks": 0,
              "Workers": [
                {
                  "Worker Number": 0,
                  "Actual Startup Time": 0.243,
                  "Actual Total Time": 30.820,
                  "Actual Rows": 21146,
                  "Actual Loops": 1,
                  "Shared Hit Blocks": 1076,
                  "Shared Read Blocks": 0,
                  "Shared Dirtied Blocks": 0,
                  "Shared Written Blocks": 0,
                  "Local Hit Blocks": 0,
                  "Local Read Blocks": 0,
                  "Local Dirtied Blocks": 0,
                  "Local Written Blocks": 0,
                  "Temp Read Blocks": 0,
                  "Temp Written Blocks": 0
                },
                {
                  "Worker Number": 1,
                  "Actual Startup Time": 0.253,
                  "Actual Total Time": 31.026,
                  "Actual Rows": 21174,
                  "Actual Loops": 1,
                  "Shared Hit Blocks": 1085,
                  "Shared Read Blocks": 0,
                  "Shared Dirtied Blocks": 0,
                  "Shared Written Blocks": 0,
                  "Local Hit Blocks": 0,
                  "Local Read Blocks": 0,
                  "Local Dirtied Blocks": 0,
                  "Local Written Blocks": 0,
                  "Temp Read Blocks": 0,
                  "Temp Written Blocks": 0
                }
              ],
              "Plans": [
                {
                  "Node Type": "Seq Scan",
                  "Parent Relationship": "Outer",
                  "Parallel Aware": true,
                  "Relation Name": "customer",
                  "Schema": "public",
                  "Alias": "customer",
                  "Startup Cost": 0.00,
                  "Total Cost": 4404.25,
                  "Plan Rows": 51054,
                  "Plan Width": 27,
                  "Actual Startup Time": 0.015,
                  "Actual Total Time": 20.164,
                  "Actual Rows": 40960,
                  "Actual Loops": 3,
                  "Output": ["customer.custkey", "customer.name", "customer.address", "customer.nationkey", "customer.phone", "customer.acctbal", "customer.mktsegment", "customer.comment"],
                  "Filter": "(customer.acctbal >= '1000'::double precision)",
                  "Rows Removed by Filter": 9040,
                  "Shared Hit Blocks": 3623,
                  "Shared Read Blocks": 0,
                  "Shared Dirtied Blocks": 0,
                  "Shared Written Blocks": 0,
                  "Local Hit Blocks": 0,
                  "Local Read Blocks": 0,
                  "Local Dirtied Blocks": 0,
                  "Local Written Blocks": 0,
                  "Temp Read Blocks": 0,
                  "Temp Written Blocks": 0,
                  "Workers": [
                    {
                      "Worker Number": 0,
                      "Actual Startup Time": 0.017,
                      "Actual Total Time": 20.579,
                      "Actual Rows": 35075,
                      "Actual Loops": 1,
                      "Shared Hit Blocks": 1033,
                      "Shared Read Blocks": 0,
                      "Shared Dirtied Blocks": 0,
                      "Shared Written Blocks": 0,
                      "Local Hit Blocks": 0,
                      "Local Read Blocks": 0,
                      "Local Dirtied Blocks": 0,
                      "Local Written Blocks": 0,
                      "Temp Read Blocks": 0,
                      "Temp Written Blocks": 0
                    },
                    {
                      "Worker Number": 1,
                      "Actual Startup Time": 0.020,
                      "Actual Total Time": 20.548,
                      "Actual Rows": 35404,
                      "Actual Loops": 1,
                      "Shared Hit Blocks": 1042,
                      "Shared Read Blocks": 0,
                      "Shared Dirtied Blocks": 0,
                      "Shared Written Blocks": 0,
                      "Local Hit Blocks": 0,
                      "Local Read Blocks": 0,
                      "Local Dirtied Blocks": 0,
                      "Local Written Blocks": 0,
                      "Temp Read Blocks": 0,
                      "Temp Written Blocks": 0
                    }
                  ]
                },
                {
                  "Node Type": "Hash",
                  "Parent Relationship": "Inner",
                  "Parallel Aware": false,
                  "Startup Cost": 11.50,
                  "Total Cost": 11.50,
                  "Plan Rows": 40,
                  "Plan Width": 222,
                  "Actual Startup Time": 0.052,
                  "Actual Total Time": 0.052,
                  "Actual Rows": 15,
                  "Actual Loops": 3,
                  "Output": ["nation.name", "nation.nationkey"],
                  "Hash Buckets": 1024,
                  "Original Hash Buckets": 1024,
                  "Hash Batches": 1,
                  "Original Hash Batches": 1,
                  "Peak Memory Usage": 9,
                  "Shared Hit Blocks": 3,
                  "Shared Read Blocks": 0,
                  "Shared Dirtied Blocks": 0,
                  "Shared Written Blocks": 0,
                  "Local Hit Blocks": 0,
                  "Local Read Blocks": 0,
                  "Local Dirtied Blocks": 0,
                  "Local Written Blocks": 0,
                  "Temp Read Blocks": 0,
                  "Temp Written Blocks": 0,
                  "Workers": [
                    {
                      "Worker Number": 0,
                      "Actual Startup Time": 0.081,
                      "Actual Total Time": 0.081,
                      "Actual Rows": 15,
                      "Actual Loops": 1,
                      "Shared Hit Blocks": 1,
                      "Shared Read Blocks": 0,
                      "Shared Dirtied Blocks": 0,
                      "Shared Written Blocks": 0,
                      "Local Hit Blocks": 0,
                      "Local Read Blocks": 0,
                      "Local Dirtied Blocks": 0,
                      "Local Written Blocks": 0,
                      "Temp Read Blocks": 0,
                      "Temp Written Blocks": 0
                    },
                    {
                      "Worker Number": 1,
                      "Actual Startup Time": 0.062,
                      "Actual Total Time": 0.062,
                      "Actual Rows": 15,
                      "Actual Loops": 1,
                      "Shared Hit Blocks": 1,
                      "Shared Read Blocks": 0,
                      "Shared Dirtied Blocks": 0,
                      "Shared Written Blocks": 0,
                      "Local Hit Blocks": 0,
                      "Local Read Blocks": 0,
                      "Local Dirtied Blocks": 0,
                      "Local Written Blocks": 0,
                      "Temp Read Blocks": 0,
                      "Temp Written Blocks": 0
                    }
                  ],
                  "Plans": [
                    {
                      "Node Type": "Seq Scan",
                      "Parent Relationship": "Outer",
                      "Parallel Aware": false,
                      "Relation Name": "nation",
                      "Schema": "public",
                      "Alias": "nation",
                      "Startup Cost": 0.00,
                      "Total Cost": 11.50,
                      "Plan Rows": 40,
                      "Plan Width": 222,
                      "Actual Startup Time": 0.038,
                      "Actual Total Time": 0.041,
                      "Actual Rows": 15,
                      "Actual Loops": 3,
                      "Output": ["nation.name", "nation.nationkey"],
                      "Filter": "(nation.nationkey >= 10)",
                      "Rows Removed by Filter": 10,
                      "Shared Hit Blocks": 3,
                      "Shared Read Blocks": 0,
                      "Shared Dirtied Blocks": 0,
                      "Shared Written Blocks": 0,
                      "Local Hit Blocks": 0,
                      "Local Read Blocks": 0,
                      "Local Dirtied Blocks": 0,
                      "Local Written Blocks": 0,
                      "Temp Read Blocks": 0,
                      "Temp Written Blocks": 0,
                      "Workers": [
                        {
                          "Worker Number": 0,
                          "Actual Startup Time": 0.062,
                          "Actual Total Time": 0.065,
                          "Actual Rows": 15,
                          "Actual Loops": 1,
                          "Shared Hit Blocks": 1,
                          "Shared Read Blocks": 0,
                          "Shared Dirtied Blocks": 0,
                          "Shared Written Blocks": 0,
                          "Local Hit Blocks": 0,
                          "Local Read Blocks": 0,
                          "Local Dirtied Blocks": 0,
                          "Local Written Blocks": 0,
                          "Temp Read Blocks": 0,
                          "Temp Written Blocks": 0
                        },
                        {
                          "Worker Number": 1,
                          "Actual Startup Time": 0.045,
                          "Actual Total Time": 0.048,
                          "Actual Rows": 15,
                          "Actual Loops": 1,
                          "Shared Hit Blocks": 1,
                          "Shared Read Blocks": 0,
                          "Shared Dirtied Blocks": 0,
                          "Shared Written Blocks": 0,
                          "Local Hit Blocks": 0,
                          "Local Read Blocks": 0,
                          "Local Dirtied Blocks": 0,
                          "Local Written Blocks": 0,
                          "Temp Read Blocks": 0,
                          "Temp Written Blocks": 0
                        }
                      ]
                    }
                  ]
                }
              ]
            }
          ]
        }
      ]
    },
    "Planning Time": 0.133,
    "Triggers": [
    ],
    "Execution Time": 73.294
  }
]
