[
  {
    "Plan": {
      "Node Type": "Sort",
      "Parallel Aware": false,
      "Startup Cost": 5783.27,
      "Total Cost": 5783.57,
      "Plan Rows": 120,
      "Plan Width": 226,
      "Actual Startup Time": 69.992,
      "Actual Total Time": 69.994,
      "Actual Rows": 25,
      "Actual Loops": 1,
      "Output": [
        "(avg(customer.acctbal))",
        "nation.name"
      ],
      "Sort Key": [
        "(avg(customer.acctbal)) DESC"
      ],
      "Sort Method": "quicksort",
      "Sort Space Used": 26,
      "Sort Space Type": "Memory",
      "Shared Hit Blocks": 1304,
      "Shared Read Blocks": 0,
      "Shared Dirtied Blocks": 0,
      "Shared Written Blocks": 0,
      "Local Hit Blocks": 0,
      "Local Read Blocks": 0,
      "Local Dirtied Blocks": 0,
      "Local Written Blocks": 0,
      "Temp Read Blocks": 0,
      "Temp Written Blocks": 0,
      "Plans": [
        {
          "Node Type": "Aggregate",
          "Strategy": "Sorted",
          "Partial Mode": "Finalize",
          "Parent Relationship": "Outer",
          "Parallel Aware": false,
          "Startup Cost": 5748.43,
          "Total Cost": 5779.13,
          "Plan Rows": 120,
          "Plan Width": 226,
          "Actual Startup Time": 69.585,
          "Actual Total Time": 69.978,
          "Actual Rows": 25,
          "Actual Loops": 1,
          "Output": [
            "avg(customer.acctbal)",
            "nation.name"
          ],
          "Group Key": [
            "nation.name"
          ],
          "Shared Hit Blocks": 1304,
          "Shared Read Blocks": 0,
          "Shared Dirtied Blocks": 0,
          "Shared Written Blocks": 0,
          "Local Hit Blocks": 0,
          "Local Read Blocks": 0,
          "Local Dirtied Blocks": 0,
          "Local Written Blocks": 0,
          "Temp Read Blocks": 0,
          "Temp Written Blocks": 0,
          "Plans": [
            {
              "Node Type": "Gather Merge",
              "Parent Relationship": "Outer",
              "Parallel Aware": false,
              "Startup Cost": 5748.43,
              "Total Cost": 5776.43,
              "Plan Rows": 240,
              "Plan Width": 250,
              "Actual Startup Time": 69.575,
              "Actual Total Time": 71.923,
              "Actual Rows": 75,
              "Actual Loops": 1,
              "Output": [
                "nation.name",
                "(PARTIAL avg(customer.acctbal))"
              ],
              "Workers Planned": 2,
              "Workers Launched": 2,
              "Shared Hit Blocks": 3670,
              "Shared Read Blocks": 0,
              "Shared Dirtied Blocks": 0,
              "Shared Written Blocks": 0,
              "Local Hit Blocks": 0,
              "Local Read Blocks": 0,
              "Local Dirtied Blocks": 0,
              "Local Written Blocks": 0,
              "Temp Read Blocks": 0,
              "Temp Written Blocks": 0,
              "Plans": [
                {
                  "Node Type": "Sort",
                  "Parent Relationship": "Outer",
                  "Parallel Aware": false,
                  "Startup Cost": 4748.40,
                  "Total Cost": 4748.70,
                  "Plan Rows": 120,
                  "Plan Width": 250,
                  "Actual Startup Time": 62.906,
                  "Actual Total Time": 62.908,
                  "Actual Rows": 25,
                  "Actual Loops": 3,
                  "Output": [
                    "nation.name",
                    "(PARTIAL avg(customer.acctbal))"
                  ],
                  "Sort Key": [
                    "nation.name"
                  ],
                  "Sort Method": "quicksort",
                  "Sort Space Used": 28,
                  "Sort Space Type": "Memory",
                  "Workers": [
                    {
                      "Worker Number": 0,
                      "Sort Method": "quicksort",
                      "Sort Space Used": 28,
                      "Sort Space Type": "Memory"
                    },
                    {
                      "Worker Number": 1,
                      "Sort Method": "quicksort",
                      "Sort Space Used": 28,
                      "Sort Space Type": "Memory"
                    }
                  ],
                  "Shared Hit Blocks": 3670,
                  "Shared Read Blocks": 0,
                  "Shared Dirtied Blocks": 0,
                  "Shared Written Blocks": 0,
                  "Local Hit Blocks": 0,
                  "Local Read Blocks": 0,
                  "Local Dirtied Blocks": 0,
                  "Local Written Blocks": 0,
                  "Temp Read Blocks": 0,
                  "Temp Written Blocks": 0,
                  "Workers": [
                    {
                      "Worker Number": 0,
                      "Actual Startup Time": 57.067,
                      "Actual Total Time": 57.070,
                      "Actual Rows": 25,
                      "Actual Loops": 1,
                      "Shared Hit Blocks": 1116,
                      "Shared Read Blocks": 0,
                      "Shared Dirtied Blocks": 0,
                      "Shared Written Blocks": 0,
                      "Local Hit Blocks": 0,
                      "Local Read Blocks": 0,
                      "Local Dirtied Blocks": 0,
                      "Local Written Blocks": 0,
                      "Temp Read Blocks": 0,
                      "Temp Written Blocks": 0
                    },
                    {
                      "Worker Number": 1,
                      "Actual Startup Time": 62.394,
                      "Actual Total Time": 62.396,
                      "Actual Rows": 25,
                      "Actual Loops": 1,
                      "Shared Hit Blocks": 1250,
                      "Shared Read Blocks": 0,
                      "Shared Dirtied Blocks": 0,
                      "Shared Written Blocks": 0,
                      "Local Hit Blocks": 0,
                      "Local Read Blocks": 0,
                      "Local Dirtied Blocks": 0,
                      "Local Written Blocks": 0,
                      "Temp Read Blocks": 0,
                      "Temp Written Blocks": 0
                    }
                  ],
                  "Plans": [
                    {
                      "Node Type": "Aggregate",
                      "Strategy": "Hashed",
                      "Partial Mode": "Partial",
                      "Parent Relationship": "Outer",
                      "Parallel Aware": false,
                      "Startup Cost": 4743.06,
                      "Total Cost": 4744.26,
                      "Plan Rows": 120,
                      "Plan Width": 250,
                      "Actual Startup Time": 62.822,
                      "Actual Total Time": 62.828,
                      "Actual Rows": 25,
                      "Actual Loops": 3,
                      "Output": [
                        "nation.name",
                        "PARTIAL avg(customer.acctbal)"
                      ],
                      "Group Key": [
                        "nation.name"
                      ],
                      "Shared Hit Blocks": 3654,
                      "Shared Read Blocks": 0,
                      "Shared Dirtied Blocks": 0,
                      "Shared Written Blocks": 0,
                      "Local Hit Blocks": 0,
                      "Local Read Blocks": 0,
                      "Local Dirtied Blocks": 0,
                      "Local Written Blocks": 0,
                      "Temp Read Blocks": 0,
                      "Temp Written Blocks": 0,
                      "Workers": [
                        {
                          "Worker Number": 0,
                          "Actual Startup Time": 56.988,
                          "Actual Total Time": 56.995,
                          "Actual Rows": 25,
                          "Actual Loops": 1,
                          "Shared Hit Blocks": 1108,
                          "Shared Read Blocks": 0,
                          "Shared Dirtied Blocks": 0,
                          "Shared Written Blocks": 0,
                          "Local Hit Blocks": 0,
                          "Local Read Blocks": 0,
                          "Local Dirtied Blocks": 0,
                          "Local Written Blocks": 0,
                          "Temp Read Blocks": 0,
                          "Temp Written Blocks": 0
                        },
                        {
                          "Worker Number": 1,
                          "Actual Startup Time": 62.288,
                          "Actual Total Time": 62.294,
                          "Actual Rows": 25,
                          "Actual Loops": 1,
                          "Shared Hit Blocks": 1242,
                          "Shared Read Blocks": 0,
                          "Shared Dirtied Blocks": 0,
                          "Shared Written Blocks": 0,
                          "Local Hit Blocks": 0,
                          "Local Read Blocks": 0,
                          "Local Dirtied Blocks": 0,
                          "Local Written Blocks": 0,
                          "Temp Read Blocks": 0,
                          "Temp Written Blocks": 0
                        }
                      ],
                      "Plans": [
                        {
                          "Node Type": "Hash Join",
                          "Parent Relationship": "Outer",
                          "Parallel Aware": false,
                          "Join Type": "Inner",
                          "Startup Cost": 12.70,
                          "Total Cost": 4430.56,
                          "Plan Rows": 62500,
                          "Plan Width": 226,
                          "Actual Startup Time": 0.160,
                          "Actual Total Time": 41.403,
                          "Actual Rows": 50000,
                          "Actual Loops": 3,
                          "Output": [
                            "nation.name",
                            "customer.acctbal"
                          ],
                          "Inner Unique": true,
                          "Hash Cond": "(customer.nationkey = nation.nationkey)",
                          "Shared Hit Blocks": 3654,
                          "Shared Read Blocks": 0,
                          "Shared Dirtied Blocks": 0,
                          "Shared Written Blocks": 0,
                          "Local Hit Blocks": 0,
                          "Local Read Blocks": 0,
                          "Local Dirtied Blocks": 0,
                          "Local Written Blocks": 0,
                          "Temp Read Blocks": 0,
                          "Temp Written Blocks": 0,
                          "Workers": [
                            {
                              "Worker Number": 0,
                              "Actual Startup Time": 0.295,
                              "Actual Total Time": 39.817,
                              "Actual Rows": 45221,
                              "Actual Loops": 1,
                              "Shared Hit Blocks": 1108,
                              "Shared Read Blocks": 0,
                              "Shared Dirtied Blocks": 0,
                              "Shared Written Blocks": 0,
                              "Local Hit Blocks": 0,
                              "Local Read Blocks": 0,
                              "Local Dirtied Blocks": 0,
                              "Local Written Blocks": 0,
                              "Temp Read Blocks": 0,
                              "Temp Written Blocks": 0
                            },
                            {
                              "Worker Number": 1,
                              "Actual Startup Time": 0.138,
                              "Actual Total Time": 44.689,
                              "Actual Rows": 50774,
                              "Actual Loops": 1,
                              "Shared Hit Blocks": 1242,
                              "Shared Read Blocks": 0,
                              "Shared Dirtied Blocks": 0,
                              "Shared Written Blocks": 0,
                              "Local Hit Blocks": 0,
                              "Local Read Blocks": 0,
                              "Local Dirtied Blocks": 0,
                              "Local Written Blocks": 0,
                              "Temp Read Blocks": 0,
                              "Temp Written Blocks": 0
                            }
                          ],
                          "Plans": [
                            {
                              "Node Type": "Seq Scan",
                              "Parent Relationship": "Outer",
                              "Parallel Aware": true,
                              "Relation Name": "customer",
                              "Schema": "public",
                              "Alias": "customer",
                              "Startup Cost": 0.00,
                              "Total Cost": 4248.00,
                              "Plan Rows": 62500,
                              "Plan Width": 12,
                              "Actual Startup Time": 0.016,
                              "Actual Total Time": 16.041,
                              "Actual Rows": 50000,
                              "Actual Loops": 3,
                              "Output": [
                                "customer.custkey",
                                "customer.name",
                                "customer.address",
                                "customer.nationkey",
                                "customer.phone",
                                "customer.acctbal",
                                "customer.mktsegment",
                                "customer.comment"
                              ],
                              "Shared Hit Blocks": 3623,
                              "Shared Read Blocks": 0,
                              "Shared Dirtied Blocks": 0,
                              "Shared Written Blocks": 0,
                              "Local Hit Blocks": 0,
                              "Local Read Blocks": 0,
                              "Local Dirtied Blocks": 0,
                              "Local Written Blocks": 0,
                              "Temp Read Blocks": 0,
                              "Temp Written Blocks": 0,
                              "Workers": [
                                {
                                  "Worker Number": 0,
                                  "Actual Startup Time": 0.019,
                                  "Actual Total Time": 16.174,
                                  "Actual Rows": 45221,
                                  "Actual Loops": 1,
                                  "Shared Hit Blocks": 1093,
                                  "Shared Read Blocks": 0,
                                  "Shared Dirtied Blocks": 0,
                                  "Shared Written Blocks": 0,
                                  "Local Hit Blocks": 0,
                                  "Local Read Blocks": 0,
                                  "Local Dirtied Blocks": 0,
                                  "Local Written Blocks": 0,
                                  "Temp Read Blocks": 0,
                                  "Temp Written Blocks": 0
                                },
                                {
                                  "Worker Number": 1,
                                  "Actual Startup Time": 0.017,
                                  "Actual Total Time": 17.642,
                                  "Actual Rows": 50774,
                                  "Actual Loops": 1,
                                  "Shared Hit Blocks": 1227,
                                  "Shared Read Blocks": 0,
                                  "Shared Dirtied Blocks": 0,
                                  "Shared Written Blocks": 0,
                                  "Local Hit Blocks": 0,
                                  "Local Read Blocks": 0,
                                  "Local Dirtied Blocks": 0,
                                  "Local Written Blocks": 0,
                                  "Temp Read Blocks": 0,
                                  "Temp Written Blocks": 0
                                }
                              ]
                            },
                            {
                              "Node Type": "Hash",
                              "Parent Relationship": "Inner",
                              "Parallel Aware": false,
                              "Startup Cost": 11.20,
                              "Total Cost": 11.20,
                              "Plan Rows": 120,
                              "Plan Width": 222,
                              "Actual Startup Time": 0.060,
                              "Actual Total Time": 0.061,
                              "Actual Rows": 25,
                              "Actual Loops": 3,
                              "Output": [
                                "nation.name",
                                "nation.nationkey"
                              ],
                              "Hash Buckets": 1024,
                              "Original Hash Buckets": 1024,
                              "Hash Batches": 1,
                              "Original Hash Batches": 1,
                              "Peak Memory Usage": 10,
                              "Shared Hit Blocks": 3,
                              "Shared Read Blocks": 0,
                              "Shared Dirtied Blocks": 0,
                              "Shared Written Blocks": 0,
                              "Local Hit Blocks": 0,
                              "Local Read Blocks": 0,
                              "Local Dirtied Blocks": 0,
                              "Local Written Blocks": 0,
                              "Temp Read Blocks": 0,
                              "Temp Written Blocks": 0,
                              "Workers": [
                                {
                                  "Worker Number": 0,
                                  "Actual Startup Time": 0.087,
                                  "Actual Total Time": 0.087,
                                  "Actual Rows": 25,
                                  "Actual Loops": 1,
                                  "Shared Hit Blocks": 1,
                                  "Shared Read Blocks": 0,
                                  "Shared Dirtied Blocks": 0,
                                  "Shared Written Blocks": 0,
                                  "Local Hit Blocks": 0,
                                  "Local Read Blocks": 0,
                                  "Local Dirtied Blocks": 0,
                                  "Local Written Blocks": 0,
                                  "Temp Read Blocks": 0,
                                  "Temp Written Blocks": 0
                                },
                                {
                                  "Worker Number": 1,
                                  "Actual Startup Time": 0.068,
                                  "Actual Total Time": 0.068,
                                  "Actual Rows": 25,
                                  "Actual Loops": 1,
                                  "Shared Hit Blocks": 1,
                                  "Shared Read Blocks": 0,
                                  "Shared Dirtied Blocks": 0,
                                  "Shared Written Blocks": 0,
                                  "Local Hit Blocks": 0,
                                  "Local Read Blocks": 0,
                                  "Local Dirtied Blocks": 0,
                                  "Local Written Blocks": 0,
                                  "Temp Read Blocks": 0,
                                  "Temp Written Blocks": 0
                                }
                              ],
                              "Plans": [
                                {
                                  "Node Type": "Seq Scan",
                                  "Parent Relationship": "Outer",
                                  "Parallel Aware": false,
                                  "Relation Name": "nation",
                                  "Schema": "public",
                                  "Alias": "nation",
                                  "Startup Cost": 0.00,
                                  "Total Cost": 11.20,
                                  "Plan Rows": 120,
                                  "Plan Width": 222,
                                  "Actual Startup Time": 0.041,
                                  "Actual Total Time": 0.045,
                                  "Actual Rows": 25,
                                  "Actual Loops": 3,
                                  "Output": [
                                    "nation.name",
                                    "nation.nationkey"
                                  ],
                                  "Shared Hit Blocks": 3,
                                  "Shared Read Blocks": 0,
                                  "Shared Dirtied Blocks": 0,
                                  "Shared Written Blocks": 0,
                                  "Local Hit Blocks": 0,
                                  "Local Read Blocks": 0,
                                  "Local Dirtied Blocks": 0,
                                  "Local Written Blocks": 0,
                                  "Temp Read Blocks": 0,
                                  "Temp Written Blocks": 0,
                                  "Workers": [
                                    {
                                      "Worker Number": 0,
                                      "Actual Startup Time": 0.062,
                                      "Actual Total Time": 0.066,
                                      "Actual Rows": 25,
                                      "Actual Loops": 1,
                                      "Shared Hit Blocks": 1,
                                      "Shared Read Blocks": 0,
                                      "Shared Dirtied Blocks": 0,
                                      "Shared Written Blocks": 0,
                                      "Local Hit Blocks": 0,
                                      "Local Read Blocks": 0,
                                      "Local Dirtied Blocks": 0,
                                      "Local Written Blocks": 0,
                                      "Temp Read Blocks": 0,
                                      "Temp Written Blocks": 0
                                    },
                                    {
                                      "Worker Number": 1,
                                      "Actual Startup Time": 0.048,
                                      "Actual Total Time": 0.051,
                                      "Actual Rows": 25,
                                      "Actual Loops": 1,
                                      "Shared Hit Blocks": 1,
                                      "Shared Read Blocks": 0,
                                      "Shared Dirtied Blocks": 0,
                                      "Shared Written Blocks": 0,
                                      "Local Hit Blocks": 0,
                                      "Local Read Blocks": 0,
                                      "Local Dirtied Blocks": 0,
                                      "Local Written Blocks": 0,
                                      "Temp Read Blocks": 0,
                                      "Temp Written Blocks": 0
                                    }
                                  ]
                                }
                              ]
                            }
                          ]
                        }
                      ]
                    }
                  ]
                }
              ]
            }
          ]
        }
      ]
    },
    "Planning Time": 0.177,
    "Triggers": [],
    "Execution Time": 72.423
  }
]