[
  {
    "Plan": {
      "Node Type": "Sort",
      "Parallel Aware": false,
      "Startup Cost": 5569.16,
      "Total Cost": 5569.17,
      "Plan Rows": 1,
      "Plan Width": 241,
      "Actual Startup Time": 20.559,
      "Actual Total Time": 20.559,
      "Actual Rows": 0,
      "Actual Loops": 1,
      "Output": ["customer.custkey", "customer.name", "nation.name"],
      "Sort Key": ["customer.custkey DESC"],
      "Sort Method": "quicksort",
      "Sort Space Used": 25,
      "Sort Space Type": "Memory",
      "Shared Hit Blocks": 3623,
      "Shared Read Blocks": 0,
      "Shared Dirtied Blocks": 0,
      "Shared Written Blocks": 0,
      "Local Hit Blocks": 0,
      "Local Read Blocks": 0,
      "Local Dirtied Blocks": 0,
      "Local Written Blocks": 0,
      "Temp Read Blocks": 0,
      "Temp Written Blocks": 0,
      "Plans": [
        {
          "Node Type": "Nested Loop",
          "Parent Relationship": "Outer",
          "Parallel Aware": false,
          "Join Type": "Inner",
          "Startup Cost": 1000.14,
          "Total Cost": 5569.15,
          "Plan Rows": 1,
          "Plan Width": 241,
          "Actual Startup Time": 20.547,
          "Actual Total Time": 20.547,
          "Actual Rows": 0,
          "Actual Loops": 1,
          "Output": ["customer.custkey", "customer.name", "nation.name"],
          "Inner Unique": true,
          "Shared Hit Blocks": 3623,
          "Shared Read Blocks": 0,
          "Shared Dirtied Blocks": 0,
          "Shared Written Blocks": 0,
          "Local Hit Blocks": 0,
          "Local Read Blocks": 0,
          "Local Dirtied Blocks": 0,
          "Local Written Blocks": 0,
          "Temp Read Blocks": 0,
          "Temp Written Blocks": 0,
          "Plans": [
            {
              "Node Type": "Gather",
              "Parent Relationship": "Outer",
              "Parallel Aware": false,
              "Startup Cost": 1000.00,
              "Total Cost": 5560.60,
              "Plan Rows": 1,
              "Plan Width": 27,
              "Actual Startup Time": 20.545,
              "Actual Total Time": 25.333,
              "Actual Rows": 0,
              "Actual Loops": 1,
              "Output": ["customer.custkey", "customer.name", "customer.nationkey"],
              "Workers Planned": 2,
              "Workers Launched": 2,
              "Single Copy": false,
              "Shared Hit Blocks": 3623,
              "Shared Read Blocks": 0,
              "Shared Dirtied Blocks": 0,
              "Shared Written Blocks": 0,
              "Local Hit Blocks": 0,
              "Local Read Blocks": 0,
              "Local Dirtied Blocks": 0,
              "Local Written Blocks": 0,
              "Temp Read Blocks": 0,
              "Temp Written Blocks": 0,
              "Plans": [
                {
                  "Node Type": "Seq Scan",
                  "Parent Relationship": "Outer",
                  "Parallel Aware": true,
                  "Relation Name": "customer",
                  "Schema": "public",
                  "Alias": "customer",
                  "Startup Cost": 0.00,
                  "Total Cost": 4560.50,
                  "Plan Rows": 1,
                  "Plan Width": 27,
                  "Actual Startup Time": 16.012,
                  "Actual Total Time": 16.012,
                  "Actual Rows": 0,
                  "Actual Loops": 3,
                  "Output": ["customer.custkey", "customer.name", "customer.nationkey"],
                  "Filter": "((customer.acctbal >= '1000'::double precision) AND (customer.acctbal <= '1000'::double precision))",
                  "Rows Removed by Filter": 50000,
                  "Shared Hit Blocks": 3623,
                  "Shared Read Blocks": 0,
                  "Shared Dirtied Blocks": 0,
                  "Shared Written Blocks": 0,
                  "Local Hit Blocks": 0,
                  "Local Read Blocks": 0,
                  "Local Dirtied Blocks": 0,
                  "Local Written Blocks": 0,
                  "Temp Read Blocks": 0,
                  "Temp Written Blocks": 0,
                  "Workers": [
                    {
                      "Worker Number": 0,
                      "Actual Startup Time": 13.777,
                      "Actual Total Time": 13.777,
                      "Actual Rows": 0,
                      "Actual Loops": 1,
                      "Shared Hit Blocks": 840,
                      "Shared Read Blocks": 0,
                      "Shared Dirtied Blocks": 0,
                      "Shared Written Blocks": 0,
                      "Local Hit Blocks": 0,
                      "Local Read Blocks": 0,
                      "Local Dirtied Blocks": 0,
                      "Local Written Blocks": 0,
                      "Temp Read Blocks": 0,
                      "Temp Written Blocks": 0
                    },
                    {
                      "Worker Number": 1,
                      "Actual Startup Time": 14.095,
                      "Actual Total Time": 14.095,
                      "Actual Rows": 0,
                      "Actual Loops": 1,
                      "Shared Hit Blocks": 909,
                      "Shared Read Blocks": 0,
                      "Shared Dirtied Blocks": 0,
                      "Shared Written Blocks": 0,
                      "Local Hit Blocks": 0,
                      "Local Read Blocks": 0,
                      "Local Dirtied Blocks": 0,
                      "Local Written Blocks": 0,
                      "Temp Read Blocks": 0,
                      "Temp Written Blocks": 0
                    }
                  ]
                }
              ]
            },
            {
              "Node Type": "Index Scan",
              "Parent Relationship": "Inner",
              "Parallel Aware": false,
              "Scan Direction": "Forward",
              "Index Name": "nation_pkey",
              "Relation Name": "nation",
              "Schema": "public",
              "Alias": "nation",
              "Startup Cost": 0.14,
              "Total Cost": 8.16,
              "Plan Rows": 1,
              "Plan Width": 222,
              "Actual Startup Time": 0.000,
              "Actual Total Time": 0.000,
              "Actual Rows": 0,
              "Actual Loops": 0,
              "Output": ["nation.nationkey", "nation.name", "nation.regionkey", "nation.comment"],
              "Index Cond": "((nation.nationkey = customer.nationkey) AND (nation.nationkey >= 10))",
              "Rows Removed by Index Recheck": 0,
              "Shared Hit Blocks": 0,
              "Shared Read Blocks": 0,
              "Shared Dirtied Blocks": 0,
              "Shared Written Blocks": 0,
              "Local Hit Blocks": 0,
              "Local Read Blocks": 0,
              "Local Dirtied Blocks": 0,
              "Local Written Blocks": 0,
              "Temp Read Blocks": 0,
              "Temp Written Blocks": 0
            }
          ]
        }
      ]
    },
    "Planning Time": 0.253,
    "Triggers": [
    ],
    "Execution Time": 25.418
  }
]
