[
  {
    "Plan": {
      "Node Type": "Sort",
      "Parallel Aware": false,
      "Startup Cost": 72.42,
      "Total Cost": 73.07,
      "Plan Rows": 258,
      "Plan Width": 241,
      "Actual Startup Time": 0.795,
      "Actual Total Time": 0.831,
      "Actual Rows": 433,
      "Actual Loops": 1,
      "Output": ["customer.custkey", "customer.name", "nation.name"],
      "Sort Key": ["customer.custkey DESC"],
      "Sort Method": "quicksort",
      "Sort Space Used": 58,
      "Sort Space Type": "Memory",
      "Shared Hit Blocks": 30,
      "Shared Read Blocks": 0,
      "Shared Dirtied Blocks": 0,
      "Shared Written Blocks": 0,
      "Local Hit Blocks": 0,
      "Local Read Blocks": 0,
      "Local Dirtied Blocks": 0,
      "Local Written Blocks": 0,
      "Temp Read Blocks": 0,
      "Temp Written Blocks": 0,
      "Plans": [
        {
          "Node Type": "Hash Join",
          "Parent Relationship": "Outer",
          "Parallel Aware": false,
          "Join Type": "Inner",
          "Startup Cost": 12.42,
          "Total Cost": 62.09,
          "Plan Rows": 258,
          "Plan Width": 241,
          "Actual Startup Time": 0.048,
          "Actual Total Time": 0.596,
          "Actual Rows": 433,
          "Actual Loops": 1,
          "Output": ["customer.custkey", "customer.name", "nation.name"],
          "Inner Unique": true,
          "Hash Cond": "(customer.nationkey = nation.nationkey)",
          "Shared Hit Blocks": 30,
          "Shared Read Blocks": 0,
          "Shared Dirtied Blocks": 0,
          "Shared Written Blocks": 0,
          "Local Hit Blocks": 0,
          "Local Read Blocks": 0,
          "Local Dirtied Blocks": 0,
          "Local Written Blocks": 0,
          "Temp Read Blocks": 0,
          "Temp Written Blocks": 0,
          "Plans": [
            {
              "Node Type": "Index Scan",
              "Parent Relationship": "Outer",
              "Parallel Aware": false,
              "Scan Direction": "Backward",
              "Index Name": "customer_pkey",
              "Relation Name": "customer",
              "Schema": "public",
              "Alias": "customer",
              "Startup Cost": 0.42,
              "Total Cost": 47.99,
              "Plan Rows": 775,
              "Plan Width": 27,
              "Actual Startup Time": 0.011,
              "Actual Total Time": 0.217,
              "Actual Rows": 750,
              "Actual Loops": 1,
              "Output": ["customer.custkey", "customer.name", "customer.address", "customer.nationkey", "customer.phone", "customer.acctbal", "customer.mktsegment", "customer.comment"],
              "Index Cond": "(customer.custkey <= 750)",
              "Rows Removed by Index Recheck": 0,
              "Shared Hit Blocks": 29,
              "Shared Read Blocks": 0,
              "Shared Dirtied Blocks": 0,
              "Shared Written Blocks": 0,
              "Local Hit Blocks": 0,
              "Local Read Blocks": 0,
              "Local Dirtied Blocks": 0,
              "Local Written Blocks": 0,
              "Temp Read Blocks": 0,
              "Temp Written Blocks": 0
            },
            {
              "Node Type": "Hash",
              "Parent Relationship": "Inner",
              "Parallel Aware": false,
              "Startup Cost": 11.50,
              "Total Cost": 11.50,
              "Plan Rows": 40,
              "Plan Width": 222,
              "Actual Startup Time": 0.031,
              "Actual Total Time": 0.031,
              "Actual Rows": 15,
              "Actual Loops": 1,
              "Output": ["nation.name", "nation.nationkey"],
              "Hash Buckets": 1024,
              "Original Hash Buckets": 1024,
              "Hash Batches": 1,
              "Original Hash Batches": 1,
              "Peak Memory Usage": 9,
              "Shared Hit Blocks": 1,
              "Shared Read Blocks": 0,
              "Shared Dirtied Blocks": 0,
              "Shared Written Blocks": 0,
              "Local Hit Blocks": 0,
              "Local Read Blocks": 0,
              "Local Dirtied Blocks": 0,
              "Local Written Blocks": 0,
              "Temp Read Blocks": 0,
              "Temp Written Blocks": 0,
              "Plans": [
                {
                  "Node Type": "Seq Scan",
                  "Parent Relationship": "Outer",
                  "Parallel Aware": false,
                  "Relation Name": "nation",
                  "Schema": "public",
                  "Alias": "nation",
                  "Startup Cost": 0.00,
                  "Total Cost": 11.50,
                  "Plan Rows": 40,
                  "Plan Width": 222,
                  "Actual Startup Time": 0.021,
                  "Actual Total Time": 0.024,
                  "Actual Rows": 15,
                  "Actual Loops": 1,
                  "Output": ["nation.name", "nation.nationkey"],
                  "Filter": "(nation.nationkey >= 10)",
                  "Rows Removed by Filter": 10,
                  "Shared Hit Blocks": 1,
                  "Shared Read Blocks": 0,
                  "Shared Dirtied Blocks": 0,
                  "Shared Written Blocks": 0,
                  "Local Hit Blocks": 0,
                  "Local Read Blocks": 0,
                  "Local Dirtied Blocks": 0,
                  "Local Written Blocks": 0,
                  "Temp Read Blocks": 0,
                  "Temp Written Blocks": 0
                }
              ]
            }
          ]
        }
      ]
    },
    "Planning Time": 2.018,
    "Triggers": [
    ],
    "Execution Time": 0.893
  }
]
