[
  {
    "Plan": {
      "Node Type": "Hash Join",
      "Parallel Aware": false,
      "Join Type": "Inner",
      "Startup Cost": 7151.75,
      "Total Cost": 58779.64,
      "Plan Rows": 353342,
      "Plan Width": 31,
      "Actual Startup Time": 51.438,
      "Actual Total Time": 535.627,
      "Actual Rows": 353761,
      "Actual Loops": 1,
      "Output": ["orders.orderkey", "orders.orderdate", "customer.custkey", "customer.name"],
      "Inner Unique": true,
      "Hash Cond": "(orders.custkey = customer.custkey)",
      "Shared Hit Blocks": 6985,
      "Shared Read Blocks": 21695,
      "Shared Dirtied Blocks": 0,
      "Shared Written Blocks": 0,
      "Local Hit Blocks": 0,
      "Local Read Blocks": 0,
      "Local Dirtied Blocks": 0,
      "Local Written Blocks": 0,
      "Temp Read Blocks": 1386,
      "Temp Written Blocks": 1386,
      "Plans": [
        {
          "Node Type": "Seq Scan",
          "Parent Relationship": "Outer",
          "Parallel Aware": false,
          "Relation Name": "orders",
          "Schema": "public",
          "Alias": "orders",
          "Startup Cost": 0.00,
          "Total Cost": 43807.00,
          "Plan Rows": 588511,
          "Plan Width": 12,
          "Actual Startup Time": 0.010,
          "Actual Total Time": 244.246,
          "Actual Rows": 590032,
          "Actual Loops": 1,
          "Output": ["orders.orderkey", "orders.orderdate", "orders.custkey"],
          "Filter": "(orders.orderdate >= '1996-01-01'::date)",
          "Rows Removed by Filter": 909968,
          "Shared Hit Blocks": 3362,
          "Shared Read Blocks": 21695,
          "Shared Dirtied Blocks": 0,
          "Shared Written Blocks": 0,
          "Local Hit Blocks": 0,
          "Local Read Blocks": 0,
          "Local Dirtied Blocks": 0,
          "Local Written Blocks": 0,
          "Temp Read Blocks": 0,
          "Temp Written Blocks": 0
        },
        {
          "Node Type": "Hash",
          "Parent Relationship": "Inner",
          "Parallel Aware": false,
          "Startup Cost": 5498.00,
          "Total Cost": 5498.00,
          "Plan Rows": 90060,
          "Plan Width": 23,
          "Actual Startup Time": 51.311,
          "Actual Total Time": 51.311,
          "Actual Rows": 89923,
          "Actual Loops": 1,
          "Output": ["customer.custkey", "customer.name"],
          "Hash Buckets": 65536,
          "Original Hash Buckets": 65536,
          "Hash Batches": 2,
          "Original Hash Batches": 2,
          "Peak Memory Usage": 2929,
          "Shared Hit Blocks": 3623,
          "Shared Read Blocks": 0,
          "Shared Dirtied Blocks": 0,
          "Shared Written Blocks": 0,
          "Local Hit Blocks": 0,
          "Local Read Blocks": 0,
          "Local Dirtied Blocks": 0,
          "Local Written Blocks": 0,
          "Temp Read Blocks": 0,
          "Temp Written Blocks": 235,
          "Plans": [
            {
              "Node Type": "Seq Scan",
              "Parent Relationship": "Outer",
              "Parallel Aware": false,
              "Relation Name": "customer",
              "Schema": "public",
              "Alias": "customer",
              "Startup Cost": 0.00,
              "Total Cost": 5498.00,
              "Plan Rows": 90060,
              "Plan Width": 23,
              "Actual Startup Time": 0.007,
              "Actual Total Time": 26.733,
              "Actual Rows": 89923,
              "Actual Loops": 1,
              "Output": ["customer.custkey", "customer.name"],
              "Filter": "(customer.nationkey >= 10)",
              "Rows Removed by Filter": 60077,
              "Shared Hit Blocks": 3623,
              "Shared Read Blocks": 0,
              "Shared Dirtied Blocks": 0,
              "Shared Written Blocks": 0,
              "Local Hit Blocks": 0,
              "Local Read Blocks": 0,
              "Local Dirtied Blocks": 0,
              "Local Written Blocks": 0,
              "Temp Read Blocks": 0,
              "Temp Written Blocks": 0
            }
          ]
        }
      ]
    },
    "Planning Time": 0.153,
    "Triggers": [
    ],
    "Execution Time": 558.581
  }
]
