[
  {
    "Plan": {
      "Node Type": "Sort",
      "Parallel Aware": false,
      "Startup Cost": 944316.38,
      "Total Cost": 948066.38,
      "Plan Rows": 1500000,
      "Plan Width": 249,
      "Actual Startup Time": 1542.798,
      "Actual Total Time": 1554.306,
      "Actual Rows": 99996,
      "Actual Loops": 1,
      "Output": ["(sum(orders.totalprice))", "customer.name", "nation.name", "customer.custkey"],
      "Sort Key": ["(sum(orders.totalprice)) DESC"],
      "Sort Method": "external merge",
      "Sort Space Used": 4984,
      "Sort Space Type": "Disk",
      "Shared Hit Blocks": 2091,
      "Shared Read Blocks": 7571,
      "Shared Dirtied Blocks": 0,
      "Shared Written Blocks": 0,
      "Local Hit Blocks": 0,
      "Local Read Blocks": 0,
      "Local Dirtied Blocks": 0,
      "Local Written Blocks": 0,
      "Temp Read Blocks": 3823,
      "Temp Written Blocks": 3838,
      "Plans": [
        {
          "Node Type": "Aggregate",
          "Strategy": "Sorted",
          "Partial Mode": "Finalize",
          "Parent Relationship": "Outer",
          "Parallel Aware": false,
          "Startup Cost": 250396.38,
          "Total Cost": 431552.40,
          "Plan Rows": 1500000,
          "Plan Width": 249,
          "Actual Startup Time": 1022.913,
          "Actual Total Time": 1487.515,
          "Actual Rows": 99996,
          "Actual Loops": 1,
          "Output": ["sum(orders.totalprice)", "customer.name", "nation.name", "customer.custkey"],
          "Group Key": ["customer.custkey", "nation.name"],
          "Shared Hit Blocks": 2091,
          "Shared Read Blocks": 7571,
          "Shared Dirtied Blocks": 0,
          "Shared Written Blocks": 0,
          "Local Hit Blocks": 0,
          "Local Read Blocks": 0,
          "Local Dirtied Blocks": 0,
          "Local Written Blocks": 0,
          "Temp Read Blocks": 3200,
          "Temp Written Blocks": 3213,
          "Plans": [
            {
              "Node Type": "Gather Merge",
              "Parent Relationship": "Outer",
              "Parallel Aware": false,
              "Startup Cost": 250396.38,
              "Total Cost": 407177.40,
              "Plan Rows": 1250000,
              "Plan Width": 249,
              "Actual Startup Time": 1022.901,
              "Actual Total Time": 1401.594,
              "Actual Rows": 294411,
              "Actual Loops": 1,
              "Output": ["nation.name", "customer.custkey", "(PARTIAL sum(orders.totalprice))", "customer.name"],
              "Workers Planned": 2,
              "Workers Launched": 2,
              "Shared Hit Blocks": 5269,
              "Shared Read Blocks": 23546,
              "Shared Dirtied Blocks": 0,
              "Shared Written Blocks": 0,
              "Local Hit Blocks": 0,
              "Local Read Blocks": 0,
              "Local Dirtied Blocks": 0,
              "Local Written Blocks": 0,
              "Temp Read Blocks": 9924,
              "Temp Written Blocks": 9964,
              "Plans": [
                {
                  "Node Type": "Aggregate",
                  "Strategy": "Sorted",
                  "Partial Mode": "Partial",
                  "Parent Relationship": "Outer",
                  "Parallel Aware": false,
                  "Startup Cost": 249396.36,
                  "Total Cost": 261896.36,
                  "Plan Rows": 625000,
                  "Plan Width": 249,
                  "Actual Startup Time": 1015.140,
                  "Actual Total Time": 1321.063,
                  "Actual Rows": 98137,
                  "Actual Loops": 3,
                  "Output": ["nation.name", "customer.custkey", "PARTIAL sum(orders.totalprice)", "customer.name"],
                  "Group Key": ["customer.custkey", "nation.name"],
                  "Shared Hit Blocks": 5269,
                  "Shared Read Blocks": 23546,
                  "Shared Dirtied Blocks": 0,
                  "Shared Written Blocks": 0,
                  "Local Hit Blocks": 0,
                  "Local Read Blocks": 0,
                  "Local Dirtied Blocks": 0,
                  "Local Written Blocks": 0,
                  "Temp Read Blocks": 9924,
                  "Temp Written Blocks": 9964,
                  "Workers": [
                    {
                      "Worker Number": 0,
                      "Actual Startup Time": 1015.582,
                      "Actual Total Time": 1327.398,
                      "Actual Rows": 98126,
                      "Actual Loops": 1,
                      "Shared Hit Blocks": 1531,
                      "Shared Read Blocks": 7791,
                      "Shared Dirtied Blocks": 0,
                      "Shared Written Blocks": 0,
                      "Local Hit Blocks": 0,
                      "Local Read Blocks": 0,
                      "Local Dirtied Blocks": 0,
                      "Local Written Blocks": 0,
                      "Temp Read Blocks": 3284,
                      "Temp Written Blocks": 3297
                    },
                    {
                      "Worker Number": 1,
                      "Actual Startup Time": 1012.094,
                      "Actual Total Time": 1339.720,
                      "Actual Rows": 98365,
                      "Actual Loops": 1,
                      "Shared Hit Blocks": 1647,
                      "Shared Read Blocks": 8184,
                      "Shared Dirtied Blocks": 0,
                      "Shared Written Blocks": 0,
                      "Local Hit Blocks": 0,
                      "Local Read Blocks": 0,
                      "Local Dirtied Blocks": 0,
                      "Local Written Blocks": 0,
                      "Temp Read Blocks": 3440,
                      "Temp Written Blocks": 3454
                    }
                  ],
                  "Plans": [
                    {
                      "Node Type": "Sort",
                      "Parent Relationship": "Outer",
                      "Parallel Aware": false,
                      "Startup Cost": 249396.36,
                      "Total Cost": 250958.86,
                      "Plan Rows": 625000,
                      "Plan Width": 249,
                      "Actual Startup Time": 1015.126,
                      "Actual Total Time": 1177.097,
                      "Actual Rows": 500000,
                      "Actual Loops": 3,
                      "Output": ["nation.name", "customer.custkey", "orders.totalprice", "customer.name"],
                      "Sort Key": ["customer.custkey", "nation.name"],
                      "Sort Method": "external merge",
                      "Sort Space Used": 25600,
                      "Sort Space Type": "Disk",
                      "Workers": [
                        {
                          "Worker Number": 0,
                          "Sort Method": "external merge",
                          "Sort Space Used": 26272,
                          "Sort Space Type": "Disk"
                        },
                        {
                          "Worker Number": 1,
                          "Sort Method": "external merge",
                          "Sort Space Used": 27520,
                          "Sort Space Type": "Disk"
                        }
                      ],
                      "Shared Hit Blocks": 5269,
                      "Shared Read Blocks": 23546,
                      "Shared Dirtied Blocks": 0,
                      "Shared Written Blocks": 0,
                      "Local Hit Blocks": 0,
                      "Local Read Blocks": 0,
                      "Local Dirtied Blocks": 0,
                      "Local Written Blocks": 0,
                      "Temp Read Blocks": 9924,
                      "Temp Written Blocks": 9964,
                      "Workers": [
                        {
                          "Worker Number": 0,
                          "Actual Startup Time": 1015.571,
                          "Actual Total Time": 1178.629,
                          "Actual Rows": 496220,
                          "Actual Loops": 1,
                          "Shared Hit Blocks": 1531,
                          "Shared Read Blocks": 7791,
                          "Shared Dirtied Blocks": 0,
                          "Shared Written Blocks": 0,
                          "Local Hit Blocks": 0,
                          "Local Read Blocks": 0,
                          "Local Dirtied Blocks": 0,
                          "Local Written Blocks": 0,
                          "Temp Read Blocks": 3284,
                          "Temp Written Blocks": 3297
                        },
                        {
                          "Worker Number": 1,
                          "Actual Startup Time": 1012.070,
                          "Actual Total Time": 1187.183,
                          "Actual Rows": 519805,
                          "Actual Loops": 1,
                          "Shared Hit Blocks": 1647,
                          "Shared Read Blocks": 8184,
                          "Shared Dirtied Blocks": 0,
                          "Shared Written Blocks": 0,
                          "Local Hit Blocks": 0,
                          "Local Read Blocks": 0,
                          "Local Dirtied Blocks": 0,
                          "Local Written Blocks": 0,
                          "Temp Read Blocks": 3440,
                          "Temp Written Blocks": 3454
                        }
                      ],
                      "Plans": [
                        {
                          "Node Type": "Hash Join",
                          "Parent Relationship": "Outer",
                          "Parallel Aware": false,
                          "Join Type": "Inner",
                          "Startup Cost": 5041.95,
                          "Total Cost": 39688.18,
                          "Plan Rows": 625000,
                          "Plan Width": 249,
                          "Actual Startup Time": 51.789,
                          "Actual Total Time": 618.039,
                          "Actual Rows": 500000,
                          "Actual Loops": 3,
                          "Output": ["nation.name", "customer.custkey", "orders.totalprice", "customer.name"],
                          "Inner Unique": true,
                          "Hash Cond": "(customer.nationkey = nation.nationkey)",
                          "Shared Hit Blocks": 5159,
                          "Shared Read Blocks": 23546,
                          "Shared Dirtied Blocks": 0,
                          "Shared Written Blocks": 0,
                          "Local Hit Blocks": 0,
                          "Local Read Blocks": 0,
                          "Local Dirtied Blocks": 0,
                          "Local Written Blocks": 0,
                          "Temp Read Blocks": 0,
                          "Temp Written Blocks": 0,
                          "Workers": [
                            {
                              "Worker Number": 0,
                              "Actual Startup Time": 48.791,
                              "Actual Total Time": 623.370,
                              "Actual Rows": 496220,
                              "Actual Loops": 1,
                              "Shared Hit Blocks": 1476,
                              "Shared Read Blocks": 7791,
                              "Shared Dirtied Blocks": 0,
                              "Shared Written Blocks": 0,
                              "Local Hit Blocks": 0,
                              "Local Read Blocks": 0,
                              "Local Dirtied Blocks": 0,
                              "Local Written Blocks": 0,
                              "Temp Read Blocks": 0,
                              "Temp Written Blocks": 0
                            },
                            {
                              "Worker Number": 1,
                              "Actual Startup Time": 50.672,
                              "Actual Total Time": 615.749,
                              "Actual Rows": 519805,
                              "Actual Loops": 1,
                              "Shared Hit Blocks": 1592,
                              "Shared Read Blocks": 8184,
                              "Shared Dirtied Blocks": 0,
                              "Shared Written Blocks": 0,
                              "Local Hit Blocks": 0,
                              "Local Read Blocks": 0,
                              "Local Dirtied Blocks": 0,
                              "Local Written Blocks": 0,
                              "Temp Read Blocks": 0,
                              "Temp Written Blocks": 0
                            }
                          ],
                          "Plans": [
                            {
                              "Node Type": "Hash Join",
                              "Parent Relationship": "Outer",
                              "Parallel Aware": true,
                              "Join Type": "Inner",
                              "Startup Cost": 5029.25,
                              "Total Cost": 37976.92,
                              "Plan Rows": 625000,
                              "Plan Width": 35,
                              "Actual Startup Time": 51.706,
                              "Actual Total Time": 456.798,
                              "Actual Rows": 500000,
                              "Actual Loops": 3,
                              "Output": ["customer.name", "customer.custkey", "customer.nationkey", "orders.totalprice"],
                              "Inner Unique": true,
                              "Hash Cond": "(orders.custkey = customer.custkey)",
                              "Shared Hit Blocks": 5134,
                              "Shared Read Blocks": 23546,
                              "Shared Dirtied Blocks": 0,
                              "Shared Written Blocks": 0,
                              "Local Hit Blocks": 0,
                              "Local Read Blocks": 0,
                              "Local Dirtied Blocks": 0,
                              "Local Written Blocks": 0,
                              "Temp Read Blocks": 0,
                              "Temp Written Blocks": 0,
                              "Workers": [
                                {
                                  "Worker Number": 0,
                                  "Actual Startup Time": 48.691,
                                  "Actual Total Time": 458.452,
                                  "Actual Rows": 496220,
                                  "Actual Loops": 1,
                                  "Shared Hit Blocks": 1464,
                                  "Shared Read Blocks": 7791,
                                  "Shared Dirtied Blocks": 0,
                                  "Shared Written Blocks": 0,
                                  "Local Hit Blocks": 0,
                                  "Local Read Blocks": 0,
                                  "Local Dirtied Blocks": 0,
                                  "Local Written Blocks": 0,
                                  "Temp Read Blocks": 0,
                                  "Temp Written Blocks": 0
                                },
                                {
                                  "Worker Number": 1,
                                  "Actual Startup Time": 50.559,
                                  "Actual Total Time": 454.380,
                                  "Actual Rows": 519805,
                                  "Actual Loops": 1,
                                  "Shared Hit Blocks": 1580,
                                  "Shared Read Blocks": 8184,
                                  "Shared Dirtied Blocks": 0,
                                  "Shared Written Blocks": 0,
                                  "Local Hit Blocks": 0,
                                  "Local Read Blocks": 0,
                                  "Local Dirtied Blocks": 0,
                                  "Local Written Blocks": 0,
                                  "Temp Read Blocks": 0,
                                  "Temp Written Blocks": 0
                                }
                              ],
                              "Plans": [
                                {
                                  "Node Type": "Seq Scan",
                                  "Parent Relationship": "Outer",
                                  "Parallel Aware": true,
                                  "Relation Name": "orders",
                                  "Schema": "public",
                                  "Alias": "orders",
                                  "Startup Cost": 0.00,
                                  "Total Cost": 31307.00,
                                  "Plan Rows": 625000,
                                  "Plan Width": 12,
                                  "Actual Startup Time": 0.084,
                                  "Actual Total Time": 111.753,
                                  "Actual Rows": 500000,
                                  "Actual Loops": 3,
                                  "Output": ["orders.orderkey", "orders.custkey", "orders.orderstatus", "orders.totalprice", "orders.orderdate", "orders.orderpriority", "orders.clerk", "orders.shippriority", "orders.comment"],
                                  "Shared Hit Blocks": 1511,
                                  "Shared Read Blocks": 23546,
                                  "Shared Dirtied Blocks": 0,
                                  "Shared Written Blocks": 0,
                                  "Local Hit Blocks": 0,
                                  "Local Read Blocks": 0,
                                  "Local Dirtied Blocks": 0,
                                  "Local Written Blocks": 0,
                                  "Temp Read Blocks": 0,
                                  "Temp Written Blocks": 0,
                                  "Workers": [
                                    {
                                      "Worker Number": 0,
                                      "Actual Startup Time": 0.132,
                                      "Actual Total Time": 112.946,
                                      "Actual Rows": 496220,
                                      "Actual Loops": 1,
                                      "Shared Hit Blocks": 501,
                                      "Shared Read Blocks": 7791,
                                      "Shared Dirtied Blocks": 0,
                                      "Shared Written Blocks": 0,
                                      "Local Hit Blocks": 0,
                                      "Local Read Blocks": 0,
                                      "Local Dirtied Blocks": 0,
                                      "Local Written Blocks": 0,
                                      "Temp Read Blocks": 0,
                                      "Temp Written Blocks": 0
                                    },
                                    {
                                      "Worker Number": 1,
                                      "Actual Startup Time": 0.037,
                                      "Actual Total Time": 110.623,
                                      "Actual Rows": 519805,
                                      "Actual Loops": 1,
                                      "Shared Hit Blocks": 497,
                                      "Shared Read Blocks": 8184,
                                      "Shared Dirtied Blocks": 0,
                                      "Shared Written Blocks": 0,
                                      "Local Hit Blocks": 0,
                                      "Local Read Blocks": 0,
                                      "Local Dirtied Blocks": 0,
                                      "Local Written Blocks": 0,
                                      "Temp Read Blocks": 0,
                                      "Temp Written Blocks": 0
                                    }
                                  ]
                                },
                                {
                                  "Node Type": "Hash",
                                  "Parent Relationship": "Inner",
                                  "Parallel Aware": true,
                                  "Startup Cost": 4248.00,
                                  "Total Cost": 4248.00,
                                  "Plan Rows": 62500,
                                  "Plan Width": 27,
                                  "Actual Startup Time": 51.063,
                                  "Actual Total Time": 51.063,
                                  "Actual Rows": 50000,
                                  "Actual Loops": 3,
                                  "Output": ["customer.name", "customer.custkey", "customer.nationkey"],
                                  "Hash Buckets": 262144,
                                  "Original Hash Buckets": 262144,
                                  "Hash Batches": 1,
                                  "Original Hash Batches": 1,
                                  "Peak Memory Usage": 11488,
                                  "Shared Hit Blocks": 3623,
                                  "Shared Read Blocks": 0,
                                  "Shared Dirtied Blocks": 0,
                                  "Shared Written Blocks": 0,
                                  "Local Hit Blocks": 0,
                                  "Local Read Blocks": 0,
                                  "Local Dirtied Blocks": 0,
                                  "Local Written Blocks": 0,
                                  "Temp Read Blocks": 0,
                                  "Temp Written Blocks": 0,
                                  "Workers": [
                                    {
                                      "Worker Number": 0,
                                      "Actual Startup Time": 48.422,
                                      "Actual Total Time": 48.422,
                                      "Actual Rows": 39883,
                                      "Actual Loops": 1,
                                      "Shared Hit Blocks": 963,
                                      "Shared Read Blocks": 0,
                                      "Shared Dirtied Blocks": 0,
                                      "Shared Written Blocks": 0,
                                      "Local Hit Blocks": 0,
                                      "Local Read Blocks": 0,
                                      "Local Dirtied Blocks": 0,
                                      "Local Written Blocks": 0,
                                      "Temp Read Blocks": 0,
                                      "Temp Written Blocks": 0
                                    },
                                    {
                                      "Worker Number": 1,
                                      "Actual Startup Time": 50.490,
                                      "Actual Total Time": 50.490,
                                      "Actual Rows": 44862,
                                      "Actual Loops": 1,
                                      "Shared Hit Blocks": 1083,
                                      "Shared Read Blocks": 0,
                                      "Shared Dirtied Blocks": 0,
                                      "Shared Written Blocks": 0,
                                      "Local Hit Blocks": 0,
                                      "Local Read Blocks": 0,
                                      "Local Dirtied Blocks": 0,
                                      "Local Written Blocks": 0,
                                      "Temp Read Blocks": 0,
                                      "Temp Written Blocks": 0
                                    }
                                  ],
                                  "Plans": [
                                    {
                                      "Node Type": "Seq Scan",
                                      "Parent Relationship": "Outer",
                                      "Parallel Aware": true,
                                      "Relation Name": "customer",
                                      "Schema": "public",
                                      "Alias": "customer",
                                      "Startup Cost": 0.00,
                                      "Total Cost": 4248.00,
                                      "Plan Rows": 62500,
                                      "Plan Width": 27,
                                      "Actual Startup Time": 0.012,
                                      "Actual Total Time": 24.401,
                                      "Actual Rows": 50000,
                                      "Actual Loops": 3,
                                      "Output": ["customer.name", "customer.custkey", "customer.nationkey"],
                                      "Shared Hit Blocks": 3623,
                                      "Shared Read Blocks": 0,
                                      "Shared Dirtied Blocks": 0,
                                      "Shared Written Blocks": 0,
                                      "Local Hit Blocks": 0,
                                      "Local Read Blocks": 0,
                                      "Local Dirtied Blocks": 0,
                                      "Local Written Blocks": 0,
                                      "Temp Read Blocks": 0,
                                      "Temp Written Blocks": 0,
                                      "Workers": [
                                        {
                                          "Worker Number": 0,
                                          "Actual Startup Time": 0.014,
                                          "Actual Total Time": 22.043,
                                          "Actual Rows": 39883,
                                          "Actual Loops": 1,
                                          "Shared Hit Blocks": 963,
                                          "Shared Read Blocks": 0,
                                          "Shared Dirtied Blocks": 0,
                                          "Shared Written Blocks": 0,
                                          "Local Hit Blocks": 0,
                                          "Local Read Blocks": 0,
                                          "Local Dirtied Blocks": 0,
                                          "Local Written Blocks": 0,
                                          "Temp Read Blocks": 0,
                                          "Temp Written Blocks": 0
                                        },
                                        {
                                          "Worker Number": 1,
                                          "Actual Startup Time": 0.013,
                                          "Actual Total Time": 29.499,
                                          "Actual Rows": 44862,
                                          "Actual Loops": 1,
                                          "Shared Hit Blocks": 1083,
                                          "Shared Read Blocks": 0,
                                          "Shared Dirtied Blocks": 0,
                                          "Shared Written Blocks": 0,
                                          "Local Hit Blocks": 0,
                                          "Local Read Blocks": 0,
                                          "Local Dirtied Blocks": 0,
                                          "Local Written Blocks": 0,
                                          "Temp Read Blocks": 0,
                                          "Temp Written Blocks": 0
                                        }
                                      ]
                                    }
                                  ]
                                }
                              ]
                            },
                            {
                              "Node Type": "Hash",
                              "Parent Relationship": "Inner",
                              "Parallel Aware": false,
                              "Startup Cost": 11.20,
                              "Total Cost": 11.20,
                              "Plan Rows": 120,
                              "Plan Width": 222,
                              "Actual Startup Time": 0.049,
                              "Actual Total Time": 0.049,
                              "Actual Rows": 25,
                              "Actual Loops": 3,
                              "Output": ["nation.name", "nation.nationkey"],
                              "Hash Buckets": 1024,
                              "Original Hash Buckets": 1024,
                              "Hash Batches": 1,
                              "Original Hash Batches": 1,
                              "Peak Memory Usage": 10,
                              "Shared Hit Blocks": 3,
                              "Shared Read Blocks": 0,
                              "Shared Dirtied Blocks": 0,
                              "Shared Written Blocks": 0,
                              "Local Hit Blocks": 0,
                              "Local Read Blocks": 0,
                              "Local Dirtied Blocks": 0,
                              "Local Written Blocks": 0,
                              "Temp Read Blocks": 0,
                              "Temp Written Blocks": 0,
                              "Workers": [
                                {
                                  "Worker Number": 0,
                                  "Actual Startup Time": 0.059,
                                  "Actual Total Time": 0.059,
                                  "Actual Rows": 25,
                                  "Actual Loops": 1,
                                  "Shared Hit Blocks": 1,
                                  "Shared Read Blocks": 0,
                                  "Shared Dirtied Blocks": 0,
                                  "Shared Written Blocks": 0,
                                  "Local Hit Blocks": 0,
                                  "Local Read Blocks": 0,
                                  "Local Dirtied Blocks": 0,
                                  "Local Written Blocks": 0,
                                  "Temp Read Blocks": 0,
                                  "Temp Written Blocks": 0
                                },
                                {
                                  "Worker Number": 1,
                                  "Actual Startup Time": 0.066,
                                  "Actual Total Time": 0.066,
                                  "Actual Rows": 25,
                                  "Actual Loops": 1,
                                  "Shared Hit Blocks": 1,
                                  "Shared Read Blocks": 0,
                                  "Shared Dirtied Blocks": 0,
                                  "Shared Written Blocks": 0,
                                  "Local Hit Blocks": 0,
                                  "Local Read Blocks": 0,
                                  "Local Dirtied Blocks": 0,
                                  "Local Written Blocks": 0,
                                  "Temp Read Blocks": 0,
                                  "Temp Written Blocks": 0
                                }
                              ],
                              "Plans": [
                                {
                                  "Node Type": "Seq Scan",
                                  "Parent Relationship": "Outer",
                                  "Parallel Aware": false,
                                  "Relation Name": "nation",
                                  "Schema": "public",
                                  "Alias": "nation",
                                  "Startup Cost": 0.00,
                                  "Total Cost": 11.20,
                                  "Plan Rows": 120,
                                  "Plan Width": 222,
                                  "Actual Startup Time": 0.031,
                                  "Actual Total Time": 0.035,
                                  "Actual Rows": 25,
                                  "Actual Loops": 3,
                                  "Output": ["nation.name", "nation.nationkey"],
                                  "Shared Hit Blocks": 3,
                                  "Shared Read Blocks": 0,
                                  "Shared Dirtied Blocks": 0,
                                  "Shared Written Blocks": 0,
                                  "Local Hit Blocks": 0,
                                  "Local Read Blocks": 0,
                                  "Local Dirtied Blocks": 0,
                                  "Local Written Blocks": 0,
                                  "Temp Read Blocks": 0,
                                  "Temp Written Blocks": 0,
                                  "Workers": [
                                    {
                                      "Worker Number": 0,
                                      "Actual Startup Time": 0.038,
                                      "Actual Total Time": 0.043,
                                      "Actual Rows": 25,
                                      "Actual Loops": 1,
                                      "Shared Hit Blocks": 1,
                                      "Shared Read Blocks": 0,
                                      "Shared Dirtied Blocks": 0,
                                      "Shared Written Blocks": 0,
                                      "Local Hit Blocks": 0,
                                      "Local Read Blocks": 0,
                                      "Local Dirtied Blocks": 0,
                                      "Local Written Blocks": 0,
                                      "Temp Read Blocks": 0,
                                      "Temp Written Blocks": 0
                                    },
                                    {
                                      "Worker Number": 1,
                                      "Actual Startup Time": 0.046,
                                      "Actual Total Time": 0.050,
                                      "Actual Rows": 25,
                                      "Actual Loops": 1,
                                      "Shared Hit Blocks": 1,
                                      "Shared Read Blocks": 0,
                                      "Shared Dirtied Blocks": 0,
                                      "Shared Written Blocks": 0,
                                      "Local Hit Blocks": 0,
                                      "Local Read Blocks": 0,
                                      "Local Dirtied Blocks": 0,
                                      "Local Written Blocks": 0,
                                      "Temp Read Blocks": 0,
                                      "Temp Written Blocks": 0
                                    }
                                  ]
                                }
                              ]
                            }
                          ]
                        }
                      ]
                    }
                  ]
                }
              ]
            }
          ]
        }
      ]
    },
    "Planning Time": 0.224,
    "Triggers": [
    ],
    "Execution Time": 1569.376
  }
]
