[
  {
    "Plan": {
      "Node Type": "Gather Merge",
      "Parallel Aware": false,
      "Startup Cost": 222577.84,
      "Total Cost": 378389.59,
      "Plan Rows": 1335436,
      "Plan Width": 17,
      "Actual Startup Time": 1170.197,
      "Actual Total Time": 1606.667,
      "Actual Rows": 1593386,
      "Actual Loops": 1,
      "Output": ["part.brand", "part.partkey", "lineitem.commitdate"],
      "Workers Planned": 2,
      "Workers Launched": 2,
      "Shared Hit Blocks": 9131,
      "Shared Read Blocks": 99450,
      "Shared Dirtied Blocks": 0,
      "Shared Written Blocks": 0,
      "Local Hit Blocks": 0,
      "Local Read Blocks": 0,
      "Local Dirtied Blocks": 0,
      "Local Written Blocks": 0,
      "Temp Read Blocks": 5849,
      "Temp Written Blocks": 5888,
      "Plans": [
        {
          "Node Type": "Sort",
          "Parent Relationship": "Outer",
          "Parallel Aware": false,
          "Startup Cost": 221577.82,
          "Total Cost": 223247.11,
          "Plan Rows": 667718,
          "Plan Width": 17,
          "Actual Startup Time": 1161.497,
          "Actual Total Time": 1263.469,
          "Actual Rows": 531129,
          "Actual Loops": 3,
          "Output": ["part.brand", "part.partkey", "lineitem.commitdate"],
          "Sort Key": ["lineitem.commitdate DESC"],
          "Sort Method": "external merge",
          "Sort Space Used": 15584,
          "Sort Space Type": "Disk",
          "Workers": [
            {
              "Worker Number": 0,
              "Sort Method": "external merge",
              "Sort Space Used": 15560,
              "Sort Space Type": "Disk"
            },
            {
              "Worker Number": 1,
              "Sort Method": "external merge",
              "Sort Space Used": 15648,
              "Sort Space Type": "Disk"
            }
          ],
          "Shared Hit Blocks": 9131,
          "Shared Read Blocks": 99450,
          "Shared Dirtied Blocks": 0,
          "Shared Written Blocks": 0,
          "Local Hit Blocks": 0,
          "Local Read Blocks": 0,
          "Local Dirtied Blocks": 0,
          "Local Written Blocks": 0,
          "Temp Read Blocks": 5849,
          "Temp Written Blocks": 5888,
          "Workers": [
            {
              "Worker Number": 0,
              "Actual Startup Time": 1155.801,
              "Actual Total Time": 1269.619,
              "Actual Rows": 529859,
              "Actual Loops": 1,
              "Shared Hit Blocks": 2774,
              "Shared Read Blocks": 33145,
              "Shared Dirtied Blocks": 0,
              "Shared Written Blocks": 0,
              "Local Hit Blocks": 0,
              "Local Read Blocks": 0,
              "Local Dirtied Blocks": 0,
              "Local Written Blocks": 0,
              "Temp Read Blocks": 1945,
              "Temp Written Blocks": 1958
            },
            {
              "Worker Number": 1,
              "Actual Startup Time": 1159.658,
              "Actual Total Time": 1271.978,
              "Actual Rows": 532750,
              "Actual Loops": 1,
              "Shared Hit Blocks": 2891,
              "Shared Read Blocks": 33359,
              "Shared Dirtied Blocks": 0,
              "Shared Written Blocks": 0,
              "Local Hit Blocks": 0,
              "Local Read Blocks": 0,
              "Local Dirtied Blocks": 0,
              "Local Written Blocks": 0,
              "Temp Read Blocks": 1956,
              "Temp Written Blocks": 1969
            }
          ],
          "Plans": [
            {
              "Node Type": "Hash Join",
              "Parent Relationship": "Outer",
              "Parallel Aware": true,
              "Join Type": "Inner",
              "Startup Cost": 5696.00,
              "Total Cost": 143284.34,
              "Plan Rows": 667718,
              "Plan Width": 17,
              "Actual Startup Time": 52.875,
              "Actual Total Time": 877.241,
              "Actual Rows": 531129,
              "Actual Loops": 3,
              "Output": ["part.brand", "part.partkey", "lineitem.commitdate"],
              "Inner Unique": true,
              "Hash Cond": "(lineitem.partkey = part.partkey)",
              "Shared Hit Blocks": 9037,
              "Shared Read Blocks": 99450,
              "Shared Dirtied Blocks": 0,
              "Shared Written Blocks": 0,
              "Local Hit Blocks": 0,
              "Local Read Blocks": 0,
              "Local Dirtied Blocks": 0,
              "Local Written Blocks": 0,
              "Temp Read Blocks": 0,
              "Temp Written Blocks": 0,
              "Workers": [
                {
                  "Worker Number": 0,
                  "Actual Startup Time": 46.304,
                  "Actual Total Time": 872.317,
                  "Actual Rows": 529859,
                  "Actual Loops": 1,
                  "Shared Hit Blocks": 2727,
                  "Shared Read Blocks": 33145,
                  "Shared Dirtied Blocks": 0,
                  "Shared Written Blocks": 0,
                  "Local Hit Blocks": 0,
                  "Local Read Blocks": 0,
                  "Local Dirtied Blocks": 0,
                  "Local Written Blocks": 0,
                  "Temp Read Blocks": 0,
                  "Temp Written Blocks": 0
                },
                {
                  "Worker Number": 1,
                  "Actual Startup Time": 51.008,
                  "Actual Total Time": 877.929,
                  "Actual Rows": 532750,
                  "Actual Loops": 1,
                  "Shared Hit Blocks": 2844,
                  "Shared Read Blocks": 33359,
                  "Shared Dirtied Blocks": 0,
                  "Shared Written Blocks": 0,
                  "Local Hit Blocks": 0,
                  "Local Read Blocks": 0,
                  "Local Dirtied Blocks": 0,
                  "Local Written Blocks": 0,
                  "Temp Read Blocks": 0,
                  "Temp Written Blocks": 0
                }
              ],
              "Plans": [
                {
                  "Node Type": "Seq Scan",
                  "Parent Relationship": "Outer",
                  "Parallel Aware": true,
                  "Relation Name": "lineitem",
                  "Schema": "public",
                  "Alias": "lineitem",
                  "Startup Cost": 0.00,
                  "Total Cost": 135835.55,
                  "Plan Rows": 667718,
                  "Plan Width": 8,
                  "Actual Startup Time": 0.089,
                  "Actual Total Time": 541.893,
                  "Actual Rows": 531129,
                  "Actual Loops": 3,
                  "Output": ["lineitem.orderkey", "lineitem.partkey", "lineitem.suppkey", "lineitem.linenumber", "lineitem.quantity", "lineitem.extendedprice", "lineitem.discount", "lineitem.tax", "lineitem.returnflag", "lineitem.linestatus", "lineitem.shipdate", "lineitem.commitdate", "lineitem.receiptdate", "lineitem.shipinstruct", "lineitem.shipmode", "lineitem.comment"],
                  "Filter": "(lineitem.commitdate > '1997-01-01'::date)",
                  "Rows Removed by Filter": 1469276,
                  "Shared Hit Blocks": 5132,
                  "Shared Read Blocks": 99450,
                  "Shared Dirtied Blocks": 0,
                  "Shared Written Blocks": 0,
                  "Local Hit Blocks": 0,
                  "Local Read Blocks": 0,
                  "Local Dirtied Blocks": 0,
                  "Local Written Blocks": 0,
                  "Temp Read Blocks": 0,
                  "Temp Written Blocks": 0,
                  "Workers": [
                    {
                      "Worker Number": 0,
                      "Actual Startup Time": 0.093,
                      "Actual Total Time": 549.183,
                      "Actual Rows": 529859,
                      "Actual Loops": 1,
                      "Shared Hit Blocks": 1601,
                      "Shared Read Blocks": 33145,
                      "Shared Dirtied Blocks": 0,
                      "Shared Written Blocks": 0,
                      "Local Hit Blocks": 0,
                      "Local Read Blocks": 0,
                      "Local Dirtied Blocks": 0,
                      "Local Written Blocks": 0,
                      "Temp Read Blocks": 0,
                      "Temp Written Blocks": 0
                    },
                    {
                      "Worker Number": 1,
                      "Actual Startup Time": 0.131,
                      "Actual Total Time": 536.348,
                      "Actual Rows": 532750,
                      "Actual Loops": 1,
                      "Shared Hit Blocks": 1583,
                      "Shared Read Blocks": 33359,
                      "Shared Dirtied Blocks": 0,
                      "Shared Written Blocks": 0,
                      "Local Hit Blocks": 0,
                      "Local Read Blocks": 0,
                      "Local Dirtied Blocks": 0,
                      "Local Written Blocks": 0,
                      "Temp Read Blocks": 0,
                      "Temp Written Blocks": 0
                    }
                  ]
                },
                {
                  "Node Type": "Hash",
                  "Parent Relationship": "Inner",
                  "Parallel Aware": true,
                  "Startup Cost": 4654.33,
                  "Total Cost": 4654.33,
                  "Plan Rows": 83333,
                  "Plan Width": 13,
                  "Actual Startup Time": 51.527,
                  "Actual Total Time": 51.527,
                  "Actual Rows": 66667,
                  "Actual Loops": 3,
                  "Output": ["part.brand", "part.partkey"],
                  "Hash Buckets": 262144,
                  "Original Hash Buckets": 262144,
                  "Hash Batches": 1,
                  "Original Hash Batches": 1,
                  "Peak Memory Usage": 11488,
                  "Shared Hit Blocks": 3821,
                  "Shared Read Blocks": 0,
                  "Shared Dirtied Blocks": 0,
                  "Shared Written Blocks": 0,
                  "Local Hit Blocks": 0,
                  "Local Read Blocks": 0,
                  "Local Dirtied Blocks": 0,
                  "Local Written Blocks": 0,
                  "Temp Read Blocks": 0,
                  "Temp Written Blocks": 0,
                  "Workers": [
                    {
                      "Worker Number": 0,
                      "Actual Startup Time": 45.536,
                      "Actual Total Time": 45.536,
                      "Actual Rows": 56733,
                      "Actual Loops": 1,
                      "Shared Hit Blocks": 1084,
                      "Shared Read Blocks": 0,
                      "Shared Dirtied Blocks": 0,
                      "Shared Written Blocks": 0,
                      "Local Hit Blocks": 0,
                      "Local Read Blocks": 0,
                      "Local Dirtied Blocks": 0,
                      "Local Written Blocks": 0,
                      "Temp Read Blocks": 0,
                      "Temp Written Blocks": 0
                    },
                    {
                      "Worker Number": 1,
                      "Actual Startup Time": 50.718,
                      "Actual Total Time": 50.718,
                      "Actual Rows": 63800,
                      "Actual Loops": 1,
                      "Shared Hit Blocks": 1219,
                      "Shared Read Blocks": 0,
                      "Shared Dirtied Blocks": 0,
                      "Shared Written Blocks": 0,
                      "Local Hit Blocks": 0,
                      "Local Read Blocks": 0,
                      "Local Dirtied Blocks": 0,
                      "Local Written Blocks": 0,
                      "Temp Read Blocks": 0,
                      "Temp Written Blocks": 0
                    }
                  ],
                  "Plans": [
                    {
                      "Node Type": "Seq Scan",
                      "Parent Relationship": "Outer",
                      "Parallel Aware": true,
                      "Relation Name": "part",
                      "Schema": "public",
                      "Alias": "part",
                      "Startup Cost": 0.00,
                      "Total Cost": 4654.33,
                      "Plan Rows": 83333,
                      "Plan Width": 13,
                      "Actual Startup Time": 0.022,
                      "Actual Total Time": 24.870,
                      "Actual Rows": 66667,
                      "Actual Loops": 3,
                      "Output": ["part.brand", "part.partkey"],
                      "Shared Hit Blocks": 3821,
                      "Shared Read Blocks": 0,
                      "Shared Dirtied Blocks": 0,
                      "Shared Written Blocks": 0,
                      "Local Hit Blocks": 0,
                      "Local Read Blocks": 0,
                      "Local Dirtied Blocks": 0,
                      "Local Written Blocks": 0,
                      "Temp Read Blocks": 0,
                      "Temp Written Blocks": 0,
                      "Workers": [
                        {
                          "Worker Number": 0,
                          "Actual Startup Time": 0.032,
                          "Actual Total Time": 25.176,
                          "Actual Rows": 56733,
                          "Actual Loops": 1,
                          "Shared Hit Blocks": 1084,
                          "Shared Read Blocks": 0,
                          "Shared Dirtied Blocks": 0,
                          "Shared Written Blocks": 0,
                          "Local Hit Blocks": 0,
                          "Local Read Blocks": 0,
                          "Local Dirtied Blocks": 0,
                          "Local Written Blocks": 0,
                          "Temp Read Blocks": 0,
                          "Temp Written Blocks": 0
                        },
                        {
                          "Worker Number": 1,
                          "Actual Startup Time": 0.017,
                          "Actual Total Time": 24.845,
                          "Actual Rows": 63800,
                          "Actual Loops": 1,
                          "Shared Hit Blocks": 1219,
                          "Shared Read Blocks": 0,
                          "Shared Dirtied Blocks": 0,
                          "Shared Written Blocks": 0,
                          "Local Hit Blocks": 0,
                          "Local Read Blocks": 0,
                          "Local Dirtied Blocks": 0,
                          "Local Written Blocks": 0,
                          "Temp Read Blocks": 0,
                          "Temp Written Blocks": 0
                        }
                      ]
                    }
                  ]
                }
              ]
            }
          ]
        }
      ]
    },
    "Planning Time": 0.256,
    "Triggers": [
    ],
    "Execution Time": 1733.534
  }
]
